[0.028s] Invoking command in '/home/jun/ros2_ws/build/sam_bot_description': CMAKE_PREFIX_PATH=${CMAKE_PREFIX_PATH}:/home/jun/lane_tracking_ws/install/lane_tracking:/home/jun/nav2_ws/install/nav2_simple_commander:/opt/ros/humble /usr/bin/cmake /home/jun/ros2_ws/src/navigation2_tutorials/sam_bot_description -DAMENT_CMAKE_SYMLINK_INSTALL=1 -DCMAKE_INSTALL_PREFIX=/home/jun/ros2_ws/install/sam_bot_description
[0.111s] -- The C compiler identification is GNU 11.4.0
[0.190s] -- The CXX compiler identification is GNU 11.4.0
[0.200s] -- Detecting C compiler ABI info
[0.300s] -- Detecting C compiler ABI info - done
[0.307s] -- Check for working C compiler: /usr/bin/cc - skipped
[0.307s] -- Detecting C compile features
[0.307s] -- Detecting C compile features - done
[0.310s] -- Detecting CXX compiler ABI info
[0.422s] -- Detecting CXX compiler ABI info - done
[0.428s] -- Check for working CXX compiler: /usr/bin/c++ - skipped
[0.429s] -- Detecting CXX compile features
[0.430s] -- Detecting CXX compile features - done
[0.440s] -- Found ament_cmake: 1.3.11 (/opt/ros/humble/share/ament_cmake/cmake)
[0.582s] -- Found Python3: /usr/bin/python3 (found version "3.10.12") found components: Interpreter 
[0.636s] -- Override CMake install command with custom implementation using symlinks instead of copying resources
[0.707s] -- Found xacro: 2.0.8 (/opt/ros/humble/share/xacro/cmake)
[0.712s] -- Found ament_lint_auto: 0.12.11 (/opt/ros/humble/share/ament_lint_auto/cmake)
[0.809s] -- Added test 'copyright' to check source files copyright and LICENSE
[0.812s] -- Added test 'flake8' to check Python code syntax and style conventions
[0.813s] -- Added test 'lint_cmake' to check CMake code style
[0.814s] -- Added test 'pep257' to check Python code against some of the docstring style conventions in PEP 257
[0.816s] -- Added test 'xmllint' to check XML markup files
[0.818s] -- Configuring done
[0.820s] -- Generating done
[0.821s] -- Build files have been written to: /home/jun/ros2_ws/build/sam_bot_description
[0.825s] Invoked command in '/home/jun/ros2_ws/build/sam_bot_description' returned '0': CMAKE_PREFIX_PATH=${CMAKE_PREFIX_PATH}:/home/jun/lane_tracking_ws/install/lane_tracking:/home/jun/nav2_ws/install/nav2_simple_commander:/opt/ros/humble /usr/bin/cmake /home/jun/ros2_ws/src/navigation2_tutorials/sam_bot_description -DAMENT_CMAKE_SYMLINK_INSTALL=1 -DCMAKE_INSTALL_PREFIX=/home/jun/ros2_ws/install/sam_bot_description
[0.826s] Invoking command in '/home/jun/ros2_ws/build/sam_bot_description': CMAKE_PREFIX_PATH=${CMAKE_PREFIX_PATH}:/home/jun/lane_tracking_ws/install/lane_tracking:/home/jun/nav2_ws/install/nav2_simple_commander:/opt/ros/humble /usr/bin/cmake --build /home/jun/ros2_ws/build/sam_bot_description -- -j16 -l16
[0.871s] Invoked command in '/home/jun/ros2_ws/build/sam_bot_description' returned '0': CMAKE_PREFIX_PATH=${CMAKE_PREFIX_PATH}:/home/jun/lane_tracking_ws/install/lane_tracking:/home/jun/nav2_ws/install/nav2_simple_commander:/opt/ros/humble /usr/bin/cmake --build /home/jun/ros2_ws/build/sam_bot_description -- -j16 -l16
[0.873s] Invoking command in '/home/jun/ros2_ws/build/sam_bot_description': CMAKE_PREFIX_PATH=${CMAKE_PREFIX_PATH}:/home/jun/lane_tracking_ws/install/lane_tracking:/home/jun/nav2_ws/install/nav2_simple_commander:/opt/ros/humble /usr/bin/cmake --install /home/jun/ros2_ws/build/sam_bot_description
[0.883s] -- Install configuration: ""
[0.883s] -- Execute custom install script
[0.883s] -- Symlinking: /home/jun/ros2_ws/install/sam_bot_description/share/sam_bot_description/src/description/sam_bot_description.urdf
[0.895s] -- Symlinking: /home/jun/ros2_ws/install/sam_bot_description/share/sam_bot_description/launch/display.launch.py
[0.906s] -- Symlinking: /home/jun/ros2_ws/install/sam_bot_description/share/sam_bot_description/rviz/urdf_config.rviz
[0.917s] -- Symlinking: /home/jun/ros2_ws/install/sam_bot_description/share/sam_bot_description/config/ekf.yaml
[0.927s] -- Symlinking: /home/jun/ros2_ws/install/sam_bot_description/share/sam_bot_description/config/nav2_params.yaml
[0.938s] -- Symlinking: /home/jun/ros2_ws/install/sam_bot_description/share/sam_bot_description/world/my_world.sdf
[0.949s] -- Symlinking: /home/jun/ros2_ws/install/sam_bot_description/share/ament_index/resource_index/package_run_dependencies/sam_bot_description
[0.964s] -- Symlinking: /home/jun/ros2_ws/install/sam_bot_description/share/ament_index/resource_index/parent_prefix_path/sam_bot_description
[0.975s] -- Symlinking: /home/jun/ros2_ws/install/sam_bot_description/share/sam_bot_description/environment/ament_prefix_path.sh
[0.987s] -- Symlinking: /home/jun/ros2_ws/install/sam_bot_description/share/sam_bot_description/environment/ament_prefix_path.dsv
[1.002s] -- Symlinking: /home/jun/ros2_ws/install/sam_bot_description/share/sam_bot_description/environment/path.sh
[1.012s] -- Symlinking: /home/jun/ros2_ws/install/sam_bot_description/share/sam_bot_description/environment/path.dsv
[1.024s] -- Symlinking: /home/jun/ros2_ws/install/sam_bot_description/share/sam_bot_description/local_setup.bash
[1.035s] -- Symlinking: /home/jun/ros2_ws/install/sam_bot_description/share/sam_bot_description/local_setup.sh
[1.045s] -- Symlinking: /home/jun/ros2_ws/install/sam_bot_description/share/sam_bot_description/local_setup.zsh
[1.057s] -- Symlinking: /home/jun/ros2_ws/install/sam_bot_description/share/sam_bot_description/local_setup.dsv
[1.066s] -- Symlinking: /home/jun/ros2_ws/install/sam_bot_description/share/sam_bot_description/package.dsv
[1.076s] -- Symlinking: /home/jun/ros2_ws/install/sam_bot_description/share/ament_index/resource_index/packages/sam_bot_description
[1.087s] -- Symlinking: /home/jun/ros2_ws/install/sam_bot_description/share/sam_bot_description/cmake/sam_bot_descriptionConfig.cmake
[1.099s] -- Symlinking: /home/jun/ros2_ws/install/sam_bot_description/share/sam_bot_description/cmake/sam_bot_descriptionConfig-version.cmake
[1.109s] -- Symlinking: /home/jun/ros2_ws/install/sam_bot_description/share/sam_bot_description/package.xml
[1.121s] Invoked command in '/home/jun/ros2_ws/build/sam_bot_description' returned '0': CMAKE_PREFIX_PATH=${CMAKE_PREFIX_PATH}:/home/jun/lane_tracking_ws/install/lane_tracking:/home/jun/nav2_ws/install/nav2_simple_commander:/opt/ros/humble /usr/bin/cmake --install /home/jun/ros2_ws/build/sam_bot_description
