[0.030s] Invoking command in '/home/jun/ros2_ws/build/nav2_straightline_planner': CMAKE_PREFIX_PATH=${CMAKE_PREFIX_PATH}:/home/jun/lane_tracking_ws/install/lane_tracking:/home/jun/nav2_ws/install/nav2_simple_commander:/opt/ros/humble /usr/bin/cmake /home/jun/ros2_ws/src/navigation2_tutorials/nav2_straightline_planner -DAMENT_CMAKE_SYMLINK_INSTALL=1 -DCMAKE_INSTALL_PREFIX=/home/jun/ros2_ws/install/nav2_straightline_planner
[0.118s] -- The C compiler identification is GNU 11.4.0
[0.196s] -- The CXX compiler identification is GNU 11.4.0
[0.207s] -- Detecting C compiler ABI info
[0.307s] -- Detecting C compiler ABI info - done
[0.316s] -- Check for working C compiler: /usr/bin/cc - skipped
[0.316s] -- Detecting C compile features
[0.316s] -- Detecting C compile features - done
[0.319s] -- Detecting CXX compiler ABI info
[0.429s] -- Detecting CXX compiler ABI info - done
[0.435s] -- Check for working CXX compiler: /usr/bin/c++ - skipped
[0.436s] -- Detecting CXX compile features
[0.436s] -- Detecting CXX compile features - done
[0.446s] -- Found ament_cmake: 1.3.11 (/opt/ros/humble/share/ament_cmake/cmake)
[0.591s] -- Found Python3: /usr/bin/python3 (found version "3.10.12") found components: Interpreter 
[0.639s] -- Override CMake install command with custom implementation using symlinks instead of copying resources
[0.713s] -- Found rclcpp: 16.0.11 (/opt/ros/humble/share/rclcpp/cmake)
[0.787s] -- Found rosidl_generator_c: 3.1.6 (/opt/ros/humble/share/rosidl_generator_c/cmake)
[0.801s] -- Found rosidl_adapter: 3.1.6 (/opt/ros/humble/share/rosidl_adapter/cmake)
[0.815s] -- Found rosidl_generator_cpp: 3.1.6 (/opt/ros/humble/share/rosidl_generator_cpp/cmake)
[0.835s] -- Using all available rosidl_typesupport_c: rosidl_typesupport_fastrtps_c;rosidl_typesupport_introspection_c
[0.858s] -- Using all available rosidl_typesupport_cpp: rosidl_typesupport_fastrtps_cpp;rosidl_typesupport_introspection_cpp
[0.936s] -- Found rmw_implementation_cmake: 6.1.2 (/opt/ros/humble/share/rmw_implementation_cmake/cmake)
[0.944s] -- Found rmw_fastrtps_cpp: 6.2.7 (/opt/ros/humble/share/rmw_fastrtps_cpp/cmake)
[1.071s] -- Found OpenSSL: /usr/lib/x86_64-linux-gnu/libcrypto.so (found version "3.0.2")  
[1.096s] -- Found FastRTPS: /opt/ros/humble/include  
[1.143s] -- Using RMW implementation 'rmw_fastrtps_cpp' as default
[1.162s] -- Looking for pthread.h
[1.241s] -- Looking for pthread.h - found
[1.241s] -- Performing Test CMAKE_HAVE_LIBC_PTHREAD
[1.315s] -- Performing Test CMAKE_HAVE_LIBC_PTHREAD - Success
[1.316s] -- Found Threads: TRUE  
[1.368s] -- Found rclcpp_action: 16.0.11 (/opt/ros/humble/share/rclcpp_action/cmake)
[1.412s] -- Found rclcpp_lifecycle: 16.0.11 (/opt/ros/humble/share/rclcpp_lifecycle/cmake)
[1.435s] -- Found visualization_msgs: 4.2.4 (/opt/ros/humble/share/visualization_msgs/cmake)
[1.475s] -- Found nav2_util: 1.1.17 (/home/jun/nav2_ws/install/nav2_util/share/nav2_util/cmake)
[1.611s] -- Found eigen3_cmake_module: 0.1.1 (/opt/ros/humble/share/eigen3_cmake_module/cmake)
[1.612s] -- Found Eigen3: TRUE (found version "3.4.0") 
[1.612s] -- Ensuring Eigen3 include directory is part of orocos-kdl CMake target
[1.646s] -- Found nav2_costmap_2d: 1.1.17 (/home/jun/nav2_ws/install/nav2_costmap_2d/share/nav2_costmap_2d/cmake)
[1.726s] -- Found nav2_core: 1.1.17 (/home/jun/nav2_ws/install/nav2_core/share/nav2_core/cmake)
[1.830s] -- Found ament_lint_auto: 0.12.11 (/opt/ros/humble/share/ament_lint_auto/cmake)
[1.918s] -- Added test 'copyright' to check source files copyright and LICENSE
[1.919s] -- Added test 'cppcheck' to perform static code analysis on C / C++ code
[1.919s] -- Configured cppcheck include dirs: /home/jun/ros2_ws/src/navigation2_tutorials/nav2_straightline_planner/include
[1.919s] -- Configured cppcheck exclude dirs and/or files: 
[1.920s] -- Added test 'cpplint' to check C / C++ code against the Google style
[1.920s] -- Configured cpplint exclude dirs and/or files: 
[1.921s] -- Added test 'lint_cmake' to check CMake code style
[1.922s] -- Added test 'uncrustify' to check C / C++ code style
[1.922s] -- Configured uncrustify additional arguments: 
[1.923s] -- Added test 'xmllint' to check XML markup files
[1.926s] -- Configuring done
[1.965s] -- Generating done
[1.970s] -- Build files have been written to: /home/jun/ros2_ws/build/nav2_straightline_planner
[1.982s] Invoked command in '/home/jun/ros2_ws/build/nav2_straightline_planner' returned '0': CMAKE_PREFIX_PATH=${CMAKE_PREFIX_PATH}:/home/jun/lane_tracking_ws/install/lane_tracking:/home/jun/nav2_ws/install/nav2_simple_commander:/opt/ros/humble /usr/bin/cmake /home/jun/ros2_ws/src/navigation2_tutorials/nav2_straightline_planner -DAMENT_CMAKE_SYMLINK_INSTALL=1 -DCMAKE_INSTALL_PREFIX=/home/jun/ros2_ws/install/nav2_straightline_planner
[1.984s] Invoking command in '/home/jun/ros2_ws/build/nav2_straightline_planner': CMAKE_PREFIX_PATH=${CMAKE_PREFIX_PATH}:/home/jun/lane_tracking_ws/install/lane_tracking:/home/jun/nav2_ws/install/nav2_simple_commander:/opt/ros/humble /usr/bin/cmake --build /home/jun/ros2_ws/build/nav2_straightline_planner -- -j16 -l16
[2.057s] [ 50%] [32mBuilding CXX object CMakeFiles/nav2_straightline_planner_plugin.dir/src/straight_line_planner.cpp.o[0m
[5.736s] [100%] [32m[1mLinking CXX shared library libnav2_straightline_planner_plugin.so[0m
[5.936s] [100%] Built target nav2_straightline_planner_plugin
[5.949s] Invoked command in '/home/jun/ros2_ws/build/nav2_straightline_planner' returned '0': CMAKE_PREFIX_PATH=${CMAKE_PREFIX_PATH}:/home/jun/lane_tracking_ws/install/lane_tracking:/home/jun/nav2_ws/install/nav2_simple_commander:/opt/ros/humble /usr/bin/cmake --build /home/jun/ros2_ws/build/nav2_straightline_planner -- -j16 -l16
[5.952s] Invoking command in '/home/jun/ros2_ws/build/nav2_straightline_planner': CMAKE_PREFIX_PATH=${CMAKE_PREFIX_PATH}:/home/jun/lane_tracking_ws/install/lane_tracking:/home/jun/nav2_ws/install/nav2_simple_commander:/opt/ros/humble /usr/bin/cmake --install /home/jun/ros2_ws/build/nav2_straightline_planner
[5.961s] -- Install configuration: ""
[5.961s] -- Execute custom install script
[5.961s] -- Symlinking: /home/jun/ros2_ws/install/nav2_straightline_planner/share/nav2_straightline_planner//global_planner_plugin.xml
[5.973s] -- Symlinking: /home/jun/ros2_ws/install/nav2_straightline_planner/lib/libnav2_straightline_planner_plugin.so
[5.983s] -- Symlinking: /home/jun/ros2_ws/install/nav2_straightline_planner/include//nav2_straightline_planner/straight_line_planner.hpp
[5.995s] -- Up-to-date symlink: /home/jun/ros2_ws/install/nav2_straightline_planner/share/nav2_straightline_planner/global_planner_plugin.xml
[5.995s] -- Symlinking: /home/jun/ros2_ws/install/nav2_straightline_planner/share/nav2_straightline_planner/environment/library_path.sh
[6.006s] -- Symlinking: /home/jun/ros2_ws/install/nav2_straightline_planner/share/nav2_straightline_planner/environment/library_path.dsv
[6.020s] -- Symlinking: /home/jun/ros2_ws/install/nav2_straightline_planner/share/ament_index/resource_index/package_run_dependencies/nav2_straightline_planner
[6.031s] -- Symlinking: /home/jun/ros2_ws/install/nav2_straightline_planner/share/ament_index/resource_index/parent_prefix_path/nav2_straightline_planner
[6.043s] -- Symlinking: /home/jun/ros2_ws/install/nav2_straightline_planner/share/nav2_straightline_planner/environment/ament_prefix_path.sh
[6.054s] -- Symlinking: /home/jun/ros2_ws/install/nav2_straightline_planner/share/nav2_straightline_planner/environment/ament_prefix_path.dsv
[6.066s] -- Symlinking: /home/jun/ros2_ws/install/nav2_straightline_planner/share/nav2_straightline_planner/environment/path.sh
[6.077s] -- Symlinking: /home/jun/ros2_ws/install/nav2_straightline_planner/share/nav2_straightline_planner/environment/path.dsv
[6.089s] -- Symlinking: /home/jun/ros2_ws/install/nav2_straightline_planner/share/nav2_straightline_planner/local_setup.bash
[6.102s] -- Symlinking: /home/jun/ros2_ws/install/nav2_straightline_planner/share/nav2_straightline_planner/local_setup.sh
[6.116s] -- Symlinking: /home/jun/ros2_ws/install/nav2_straightline_planner/share/nav2_straightline_planner/local_setup.zsh
[6.128s] -- Symlinking: /home/jun/ros2_ws/install/nav2_straightline_planner/share/nav2_straightline_planner/local_setup.dsv
[6.140s] -- Symlinking: /home/jun/ros2_ws/install/nav2_straightline_planner/share/nav2_straightline_planner/package.dsv
[6.153s] -- Symlinking: /home/jun/ros2_ws/install/nav2_straightline_planner/share/ament_index/resource_index/packages/nav2_straightline_planner
[6.164s] -- Symlinking: /home/jun/ros2_ws/install/nav2_straightline_planner/share/ament_index/resource_index/nav2_core__pluginlib__plugin/nav2_straightline_planner
[6.176s] -- Symlinking: /home/jun/ros2_ws/install/nav2_straightline_planner/share/nav2_straightline_planner/cmake/ament_cmake_export_include_directories-extras.cmake
[6.190s] -- Symlinking: /home/jun/ros2_ws/install/nav2_straightline_planner/share/nav2_straightline_planner/cmake/ament_cmake_export_libraries-extras.cmake
[6.201s] -- Symlinking: /home/jun/ros2_ws/install/nav2_straightline_planner/share/nav2_straightline_planner/cmake/ament_cmake_export_dependencies-extras.cmake
[6.213s] -- Symlinking: /home/jun/ros2_ws/install/nav2_straightline_planner/share/nav2_straightline_planner/cmake/nav2_straightline_plannerConfig.cmake
[6.224s] -- Symlinking: /home/jun/ros2_ws/install/nav2_straightline_planner/share/nav2_straightline_planner/cmake/nav2_straightline_plannerConfig-version.cmake
[6.236s] -- Symlinking: /home/jun/ros2_ws/install/nav2_straightline_planner/share/nav2_straightline_planner/package.xml
[6.251s] Invoked command in '/home/jun/ros2_ws/build/nav2_straightline_planner' returned '0': CMAKE_PREFIX_PATH=${CMAKE_PREFIX_PATH}:/home/jun/lane_tracking_ws/install/lane_tracking:/home/jun/nav2_ws/install/nav2_simple_commander:/opt/ros/humble /usr/bin/cmake --install /home/jun/ros2_ws/build/nav2_straightline_planner
