running develop
running egg_info
creating src/ntrip_client.egg-info
writing src/ntrip_client.egg-info/PKG-INFO
writing dependency_links to src/ntrip_client.egg-info/dependency_links.txt
writing requirements to src/ntrip_client.egg-info/requires.txt
writing top-level names to src/ntrip_client.egg-info/top_level.txt
writing manifest file 'src/ntrip_client.egg-info/SOURCES.txt'
reading manifest file 'src/ntrip_client.egg-info/SOURCES.txt'
writing manifest file 'src/ntrip_client.egg-info/SOURCES.txt'
running build_ext
Creating /home/jun/ros2_ws/src/install/ntrip_client/lib/python3.10/site-packages/ntrip-client.egg-link (link to src)
Installing ntrip_ros.py script to /home/jun/ros2_ws/src/install/ntrip_client/lib/ntrip_client
Installing ntrip_ros_base.py script to /home/jun/ros2_ws/src/install/ntrip_client/lib/ntrip_client
Installing ntrip_serial_device_ros.py script to /home/jun/ros2_ws/src/install/ntrip_client/lib/ntrip_client

Installed /home/jun/ros2_ws/src/build/ntrip_client/src
running symlink_data
creating /home/jun/ros2_ws/src/install/ntrip_client/share/ament_index
creating /home/jun/ros2_ws/src/install/ntrip_client/share/ament_index/resource_index
creating /home/jun/ros2_ws/src/install/ntrip_client/share/ament_index/resource_index/packages
symbolically linking /home/jun/ros2_ws/src/build/ntrip_client/resource/ntrip_client -> /home/jun/ros2_ws/src/install/ntrip_client/share/ament_index/resource_index/packages
symbolically linking /home/jun/ros2_ws/src/build/ntrip_client/package.xml -> /home/jun/ros2_ws/src/install/ntrip_client/share/ntrip_client
symbolically linking /home/jun/ros2_ws/src/build/ntrip_client/launch/ntrip_client_launch.py -> /home/jun/ros2_ws/src/install/ntrip_client/share/ntrip_client
symbolically linking /home/jun/ros2_ws/src/build/ntrip_client/launch/ntrip_serial_device_launch.py -> /home/jun/ros2_ws/src/install/ntrip_client/share/ntrip_client
