[1.251s] Invoking command in '/home/jun/ros2_ws/src/build/ntrip_client': PYTHONPATH=/home/jun/ros2_ws/src/build/ntrip_client/prefix_override:/usr/lib/python3/dist-packages/colcon_core/task/python/colcon_distutils_commands:/home/jun/ros2_ws/src/install/ntrip_client/lib/python3.10/site-packages:${PYTHONPATH} /usr/bin/python3 -W ignore:setup.py install is deprecated -W ignore:easy_install command is deprecated setup.py develop --editable --build-directory /home/jun/ros2_ws/src/build/ntrip_client/build --no-deps symlink_data
[1.522s] running develop
[1.648s] running egg_info
[1.648s] creating src/ntrip_client.egg-info
[1.648s] writing src/ntrip_client.egg-info/PKG-INFO
[1.648s] writing dependency_links to src/ntrip_client.egg-info/dependency_links.txt
[1.649s] writing requirements to src/ntrip_client.egg-info/requires.txt
[1.649s] writing top-level names to src/ntrip_client.egg-info/top_level.txt
[1.649s] writing manifest file 'src/ntrip_client.egg-info/SOURCES.txt'
[1.652s] reading manifest file 'src/ntrip_client.egg-info/SOURCES.txt'
[1.652s] writing manifest file 'src/ntrip_client.egg-info/SOURCES.txt'
[1.654s] running build_ext
[1.654s] Creating /home/jun/ros2_ws/src/install/ntrip_client/lib/python3.10/site-packages/ntrip-client.egg-link (link to src)
[1.655s] Installing ntrip_ros.py script to /home/jun/ros2_ws/src/install/ntrip_client/lib/ntrip_client
[1.656s] Installing ntrip_ros_base.py script to /home/jun/ros2_ws/src/install/ntrip_client/lib/ntrip_client
[1.658s] Installing ntrip_serial_device_ros.py script to /home/jun/ros2_ws/src/install/ntrip_client/lib/ntrip_client
[1.658s] 
[1.658s] Installed /home/jun/ros2_ws/src/build/ntrip_client/src
[1.658s] running symlink_data
[1.658s] creating /home/jun/ros2_ws/src/install/ntrip_client/share/ament_index
[1.659s] creating /home/jun/ros2_ws/src/install/ntrip_client/share/ament_index/resource_index
[1.659s] creating /home/jun/ros2_ws/src/install/ntrip_client/share/ament_index/resource_index/packages
[1.659s] symbolically linking /home/jun/ros2_ws/src/build/ntrip_client/resource/ntrip_client -> /home/jun/ros2_ws/src/install/ntrip_client/share/ament_index/resource_index/packages
[1.659s] symbolically linking /home/jun/ros2_ws/src/build/ntrip_client/package.xml -> /home/jun/ros2_ws/src/install/ntrip_client/share/ntrip_client
[1.659s] symbolically linking /home/jun/ros2_ws/src/build/ntrip_client/launch/ntrip_client_launch.py -> /home/jun/ros2_ws/src/install/ntrip_client/share/ntrip_client
[1.659s] symbolically linking /home/jun/ros2_ws/src/build/ntrip_client/launch/ntrip_serial_device_launch.py -> /home/jun/ros2_ws/src/install/ntrip_client/share/ntrip_client
