[0.042s] Invoking command in '/home/jun/ros2_ws/build/nav2_gradient_costmap_plugin': CMAKE_PREFIX_PATH=${CMAKE_PREFIX_PATH}:/home/jun/lane_tracking_ws/install/lane_tracking:/home/jun/nav2_ws/install/nav2_simple_commander:/opt/ros/humble /usr/bin/cmake /home/jun/ros2_ws/src/navigation2_tutorials/nav2_gradient_costmap_plugin -DAMENT_CMAKE_SYMLINK_INSTALL=1 -DCMAKE_INSTALL_PREFIX=/home/jun/ros2_ws/install/nav2_gradient_costmap_plugin
[0.139s] -- The C compiler identification is GNU 11.4.0
[0.218s] -- The CXX compiler identification is GNU 11.4.0
[0.228s] -- Detecting C compiler ABI info
[0.327s] -- Detecting C compiler ABI info - done
[0.333s] -- Check for working C compiler: /usr/bin/cc - skipped
[0.334s] -- Detecting C compile features
[0.335s] -- Detecting C compile features - done
[0.338s] -- Detecting CXX compiler ABI info
[0.450s] -- Detecting CXX compiler ABI info - done
[0.457s] -- Check for working CXX compiler: /usr/bin/c++ - skipped
[0.458s] -- Detecting CXX compile features
[0.458s] -- Detecting CXX compile features - done
[0.467s] -- Found ament_cmake: 1.3.11 (/opt/ros/humble/share/ament_cmake/cmake)
[0.610s] -- Found Python3: /usr/bin/python3 (found version "3.10.12") found components: Interpreter 
[0.661s] -- Override CMake install command with custom implementation using symlinks instead of copying resources
[0.734s] -- Found rclcpp: 16.0.11 (/opt/ros/humble/share/rclcpp/cmake)
[0.808s] -- Found rosidl_generator_c: 3.1.6 (/opt/ros/humble/share/rosidl_generator_c/cmake)
[0.821s] -- Found rosidl_adapter: 3.1.6 (/opt/ros/humble/share/rosidl_adapter/cmake)
[0.838s] -- Found rosidl_generator_cpp: 3.1.6 (/opt/ros/humble/share/rosidl_generator_cpp/cmake)
[0.856s] -- Using all available rosidl_typesupport_c: rosidl_typesupport_fastrtps_c;rosidl_typesupport_introspection_c
[0.880s] -- Using all available rosidl_typesupport_cpp: rosidl_typesupport_fastrtps_cpp;rosidl_typesupport_introspection_cpp
[0.958s] -- Found rmw_implementation_cmake: 6.1.2 (/opt/ros/humble/share/rmw_implementation_cmake/cmake)
[0.965s] -- Found rmw_fastrtps_cpp: 6.2.7 (/opt/ros/humble/share/rmw_fastrtps_cpp/cmake)
[1.092s] -- Found OpenSSL: /usr/lib/x86_64-linux-gnu/libcrypto.so (found version "3.0.2")  
[1.118s] -- Found FastRTPS: /opt/ros/humble/include  
[1.162s] -- Using RMW implementation 'rmw_fastrtps_cpp' as default
[1.184s] -- Looking for pthread.h
[1.262s] -- Looking for pthread.h - found
[1.263s] -- Performing Test CMAKE_HAVE_LIBC_PTHREAD
[1.335s] -- Performing Test CMAKE_HAVE_LIBC_PTHREAD - Success
[1.336s] -- Found Threads: TRUE  
[1.387s] -- Found nav2_costmap_2d: 1.1.17 (/home/jun/nav2_ws/install/nav2_costmap_2d/share/nav2_costmap_2d/cmake)
[1.626s] -- Found Eigen3: TRUE (found version "3.4.0") 
[1.626s] -- Ensuring Eigen3 include directory is part of orocos-kdl CMake target
[1.797s] -- Configuring done
[1.835s] -- Generating done
[1.839s] -- Build files have been written to: /home/jun/ros2_ws/build/nav2_gradient_costmap_plugin
[1.849s] Invoked command in '/home/jun/ros2_ws/build/nav2_gradient_costmap_plugin' returned '0': CMAKE_PREFIX_PATH=${CMAKE_PREFIX_PATH}:/home/jun/lane_tracking_ws/install/lane_tracking:/home/jun/nav2_ws/install/nav2_simple_commander:/opt/ros/humble /usr/bin/cmake /home/jun/ros2_ws/src/navigation2_tutorials/nav2_gradient_costmap_plugin -DAMENT_CMAKE_SYMLINK_INSTALL=1 -DCMAKE_INSTALL_PREFIX=/home/jun/ros2_ws/install/nav2_gradient_costmap_plugin
[1.851s] Invoking command in '/home/jun/ros2_ws/build/nav2_gradient_costmap_plugin': CMAKE_PREFIX_PATH=${CMAKE_PREFIX_PATH}:/home/jun/lane_tracking_ws/install/lane_tracking:/home/jun/nav2_ws/install/nav2_simple_commander:/opt/ros/humble /usr/bin/cmake --build /home/jun/ros2_ws/build/nav2_gradient_costmap_plugin -- -j16 -l16
[1.914s] [ 50%] [32mBuilding CXX object CMakeFiles/nav2_gradient_costmap_plugin_core.dir/src/gradient_layer.cpp.o[0m
[4.414s] [100%] [32m[1mLinking CXX shared library libnav2_gradient_costmap_plugin_core.so[0m
[4.595s] [100%] Built target nav2_gradient_costmap_plugin_core
[4.607s] Invoked command in '/home/jun/ros2_ws/build/nav2_gradient_costmap_plugin' returned '0': CMAKE_PREFIX_PATH=${CMAKE_PREFIX_PATH}:/home/jun/lane_tracking_ws/install/lane_tracking:/home/jun/nav2_ws/install/nav2_simple_commander:/opt/ros/humble /usr/bin/cmake --build /home/jun/ros2_ws/build/nav2_gradient_costmap_plugin -- -j16 -l16
[4.608s] Invoking command in '/home/jun/ros2_ws/build/nav2_gradient_costmap_plugin': CMAKE_PREFIX_PATH=${CMAKE_PREFIX_PATH}:/home/jun/lane_tracking_ws/install/lane_tracking:/home/jun/nav2_ws/install/nav2_simple_commander:/opt/ros/humble /usr/bin/cmake --install /home/jun/ros2_ws/build/nav2_gradient_costmap_plugin
[4.617s] -- Install configuration: ""
[4.617s] -- Execute custom install script
[4.617s] -- Symlinking: /home/jun/ros2_ws/install/nav2_gradient_costmap_plugin/lib/libnav2_gradient_costmap_plugin_core.so
[4.630s] -- Symlinking: /home/jun/ros2_ws/install/nav2_gradient_costmap_plugin/share/nav2_gradient_costmap_plugin//gradient_layer.xml
[4.642s] -- Symlinking: /home/jun/ros2_ws/install/nav2_gradient_costmap_plugin/share/ament_index/resource_index/package_run_dependencies/nav2_gradient_costmap_plugin
[4.654s] -- Symlinking: /home/jun/ros2_ws/install/nav2_gradient_costmap_plugin/share/ament_index/resource_index/parent_prefix_path/nav2_gradient_costmap_plugin
[4.666s] -- Symlinking: /home/jun/ros2_ws/install/nav2_gradient_costmap_plugin/share/nav2_gradient_costmap_plugin/environment/ament_prefix_path.sh
[4.678s] -- Symlinking: /home/jun/ros2_ws/install/nav2_gradient_costmap_plugin/share/nav2_gradient_costmap_plugin/environment/ament_prefix_path.dsv
[4.689s] -- Symlinking: /home/jun/ros2_ws/install/nav2_gradient_costmap_plugin/share/nav2_gradient_costmap_plugin/environment/path.sh
[4.701s] -- Symlinking: /home/jun/ros2_ws/install/nav2_gradient_costmap_plugin/share/nav2_gradient_costmap_plugin/environment/path.dsv
[4.712s] -- Symlinking: /home/jun/ros2_ws/install/nav2_gradient_costmap_plugin/share/nav2_gradient_costmap_plugin/local_setup.bash
[4.723s] -- Symlinking: /home/jun/ros2_ws/install/nav2_gradient_costmap_plugin/share/nav2_gradient_costmap_plugin/local_setup.sh
[4.735s] -- Symlinking: /home/jun/ros2_ws/install/nav2_gradient_costmap_plugin/share/nav2_gradient_costmap_plugin/local_setup.zsh
[4.747s] -- Symlinking: /home/jun/ros2_ws/install/nav2_gradient_costmap_plugin/share/nav2_gradient_costmap_plugin/local_setup.dsv
[4.759s] -- Symlinking: /home/jun/ros2_ws/install/nav2_gradient_costmap_plugin/share/nav2_gradient_costmap_plugin/package.dsv
[4.770s] -- Symlinking: /home/jun/ros2_ws/install/nav2_gradient_costmap_plugin/share/ament_index/resource_index/packages/nav2_gradient_costmap_plugin
[4.781s] -- Symlinking: /home/jun/ros2_ws/install/nav2_gradient_costmap_plugin/share/ament_index/resource_index/nav2_costmap_2d__pluginlib__plugin/nav2_gradient_costmap_plugin
[4.792s] -- Symlinking: /home/jun/ros2_ws/install/nav2_gradient_costmap_plugin/share/nav2_gradient_costmap_plugin/cmake/nav2_gradient_costmap_pluginConfig.cmake
[4.803s] -- Symlinking: /home/jun/ros2_ws/install/nav2_gradient_costmap_plugin/share/nav2_gradient_costmap_plugin/cmake/nav2_gradient_costmap_pluginConfig-version.cmake
[4.815s] -- Symlinking: /home/jun/ros2_ws/install/nav2_gradient_costmap_plugin/share/nav2_gradient_costmap_plugin/package.xml
[4.832s] Invoked command in '/home/jun/ros2_ws/build/nav2_gradient_costmap_plugin' returned '0': CMAKE_PREFIX_PATH=${CMAKE_PREFIX_PATH}:/home/jun/lane_tracking_ws/install/lane_tracking:/home/jun/nav2_ws/install/nav2_simple_commander:/opt/ros/humble /usr/bin/cmake --install /home/jun/ros2_ws/build/nav2_gradient_costmap_plugin
