-- The C compiler identification is GNU 11.4.0
-- The CXX compiler identification is GNU 11.4.0
-- Detecting C compiler ABI info
-- Detecting C compiler ABI info - done
-- Check for working C compiler: /usr/bin/cc - skipped
-- Detecting C compile features
-- Detecting C compile features - done
-- Detecting CXX compiler ABI info
-- Detecting CXX compiler ABI info - done
-- Check for working CXX compiler: /usr/bin/c++ - skipped
-- Detecting CXX compile features
-- Detecting CXX compile features - done
-- Found ament_cmake: 1.3.11 (/opt/ros/humble/share/ament_cmake/cmake)
-- Found Python3: /usr/bin/python3 (found version "3.10.12") found components: Interpreter 
-- Override CMake install command with custom implementation using symlinks instead of copying resources
-- Found rclcpp: 16.0.11 (/opt/ros/humble/share/rclcpp/cmake)
-- Found rosidl_generator_c: 3.1.6 (/opt/ros/humble/share/rosidl_generator_c/cmake)
-- Found rosidl_adapter: 3.1.6 (/opt/ros/humble/share/rosidl_adapter/cmake)
-- Found rosidl_generator_cpp: 3.1.6 (/opt/ros/humble/share/rosidl_generator_cpp/cmake)
-- Using all available rosidl_typesupport_c: rosidl_typesupport_fastrtps_c;rosidl_typesupport_introspection_c
-- Using all available rosidl_typesupport_cpp: rosidl_typesupport_fastrtps_cpp;rosidl_typesupport_introspection_cpp
-- Found rmw_implementation_cmake: 6.1.2 (/opt/ros/humble/share/rmw_implementation_cmake/cmake)
-- Found rmw_fastrtps_cpp: 6.2.7 (/opt/ros/humble/share/rmw_fastrtps_cpp/cmake)
-- Found OpenSSL: /usr/lib/x86_64-linux-gnu/libcrypto.so (found version "3.0.2")  
-- Found FastRTPS: /opt/ros/humble/include  
-- Using RMW implementation 'rmw_fastrtps_cpp' as default
-- Looking for pthread.h
-- Looking for pthread.h - found
-- Performing Test CMAKE_HAVE_LIBC_PTHREAD
-- Performing Test CMAKE_HAVE_LIBC_PTHREAD - Success
-- Found Threads: TRUE  
-- Found rclcpp_action: 16.0.11 (/opt/ros/humble/share/rclcpp_action/cmake)
-- Found rclcpp_lifecycle: 16.0.11 (/opt/ros/humble/share/rclcpp_lifecycle/cmake)
-- Found visualization_msgs: 4.2.4 (/opt/ros/humble/share/visualization_msgs/cmake)
-- Found nav2_util: 1.1.17 (/home/jun/nav2_ws/install/nav2_util/share/nav2_util/cmake)
-- Found eigen3_cmake_module: 0.1.1 (/opt/ros/humble/share/eigen3_cmake_module/cmake)
-- Found Eigen3: TRUE (found version "3.4.0") 
-- Ensuring Eigen3 include directory is part of orocos-kdl CMake target
-- Found nav2_costmap_2d: 1.1.17 (/home/jun/nav2_ws/install/nav2_costmap_2d/share/nav2_costmap_2d/cmake)
-- Found nav2_core: 1.1.17 (/home/jun/nav2_ws/install/nav2_core/share/nav2_core/cmake)
-- Found nav2_behaviors: 1.1.17 (/home/jun/nav2_ws/install/nav2_behaviors/share/nav2_behaviors/cmake)
-- Found rosidl_default_generators: 1.2.0 (/opt/ros/humble/share/rosidl_default_generators/cmake)
-- Found CURL: /usr/lib/x86_64-linux-gnu/libcurl.so (found version "7.81.0")  
-- Found ament_cmake_ros: 0.10.0 (/opt/ros/humble/share/ament_cmake_ros/cmake)
-- Using all available rosidl_typesupport_c: rosidl_typesupport_fastrtps_c;rosidl_typesupport_introspection_c
-- Using all available rosidl_typesupport_cpp: rosidl_typesupport_fastrtps_cpp;rosidl_typesupport_introspection_cpp
-- Found PythonInterp: /usr/bin/python3 (found suitable version "3.10.12", minimum required is "3.6") 
-- Found python_cmake_module: 0.10.0 (/opt/ros/humble/share/python_cmake_module/cmake)
-- Found PythonLibs: /usr/lib/x86_64-linux-gnu/libpython3.10.so (found suitable version "3.10.12", minimum required is "3.5") 
-- Using PYTHON_EXECUTABLE: /usr/bin/python3
-- Using PYTHON_INCLUDE_DIRS: /usr/include/python3.10
-- Using PYTHON_LIBRARIES: /usr/lib/x86_64-linux-gnu/libpython3.10.so
-- Found PythonExtra: .so  
-- Found ament_lint_auto: 0.12.11 (/opt/ros/humble/share/ament_lint_auto/cmake)
-- Added test 'copyright' to check source files copyright and LICENSE
-- Added test 'cppcheck' to perform static code analysis on C / C++ code
-- Configured cppcheck include dirs: /home/jun/ros2_ws/src/navigation2_tutorials/nav2_sms_behavior/include
-- Configured cppcheck exclude dirs and/or files: 
-- Added test 'cpplint' to check C / C++ code against the Google style
-- Configured cpplint exclude dirs and/or files: 
-- Added test 'lint_cmake' to check CMake code style
-- Added test 'uncrustify' to check C / C++ code style
-- Configured uncrustify additional arguments: 
-- Added test 'xmllint' to check XML markup files
-- Configuring done
-- Generating done
-- Build files have been written to: /home/jun/ros2_ws/build/nav2_sms_behavior
[  2%] [34m[1mGenerating C code for ROS interfaces[0m
[  5%] [34m[1mGenerating C++ code for ROS interfaces[0m
[  5%] Built target ament_cmake_python_symlink_nav2_sms_behavior
running egg_info
creating nav2_sms_behavior.egg-info
writing nav2_sms_behavior.egg-info/PKG-INFO
writing dependency_links to nav2_sms_behavior.egg-info/dependency_links.txt
writing top-level names to nav2_sms_behavior.egg-info/top_level.txt
writing manifest file 'nav2_sms_behavior.egg-info/SOURCES.txt'
reading manifest file 'nav2_sms_behavior.egg-info/SOURCES.txt'
writing manifest file 'nav2_sms_behavior.egg-info/SOURCES.txt'
[  5%] Built target ament_cmake_python_build_nav2_sms_behavior_egg
[  8%] [32mBuilding C object CMakeFiles/nav2_sms_behavior__rosidl_generator_c.dir/rosidl_generator_c/nav2_sms_behavior/action/detail/send_sms__functions.c.o[0m
[  8%] Built target nav2_sms_behavior__cpp
[ 17%] [34m[1mGenerating C++ introspection for ROS interfaces[0m
[ 17%] [34m[1mGenerating C++ type support for eProsima Fast-RTPS[0m
[ 17%] [34m[1mGenerating C++ type support dispatch for ROS interfaces[0m
[ 20%] [32m[1mLinking C shared library libnav2_sms_behavior__rosidl_generator_c.so[0m
[ 20%] Built target nav2_sms_behavior__rosidl_generator_c
[ 26%] [34m[1mGenerating C type support dispatch for ROS interfaces[0m
[ 26%] [34m[1mGenerating C introspection for ROS interfaces[0m
[ 29%] [34m[1mGenerating C type support for eProsima Fast-RTPS[0m
[ 32%] [32mBuilding CXX object CMakeFiles/nav2_sms_behavior__rosidl_typesupport_cpp.dir/rosidl_typesupport_cpp/nav2_sms_behavior/action/send_sms__type_support.cpp.o[0m
[ 35%] [32mBuilding CXX object CMakeFiles/nav2_sms_behavior__rosidl_typesupport_introspection_cpp.dir/rosidl_typesupport_introspection_cpp/nav2_sms_behavior/action/detail/send_sms__type_support.cpp.o[0m
[ 38%] [32mBuilding CXX object CMakeFiles/nav2_sms_behavior__rosidl_typesupport_fastrtps_cpp.dir/rosidl_typesupport_fastrtps_cpp/nav2_sms_behavior/action/detail/dds_fastrtps/send_sms__type_support.cpp.o[0m
[ 41%] [32mBuilding CXX object CMakeFiles/nav2_sms_behavior__rosidl_typesupport_c.dir/rosidl_typesupport_c/nav2_sms_behavior/action/send_sms__type_support.cpp.o[0m
[ 44%] [32m[1mLinking CXX shared library libnav2_sms_behavior__rosidl_typesupport_c.so[0m
[ 47%] [32mBuilding C object CMakeFiles/nav2_sms_behavior__rosidl_typesupport_introspection_c.dir/rosidl_typesupport_introspection_c/nav2_sms_behavior/action/detail/send_sms__type_support.c.o[0m
[ 50%] [32m[1mLinking C shared library libnav2_sms_behavior__rosidl_typesupport_introspection_c.so[0m
[ 50%] Built target nav2_sms_behavior__rosidl_typesupport_c
[ 52%] [32mBuilding CXX object CMakeFiles/nav2_sms_behavior__rosidl_typesupport_fastrtps_c.dir/rosidl_typesupport_fastrtps_c/nav2_sms_behavior/action/detail/send_sms__type_support_c.cpp.o[0m
[ 52%] Built target nav2_sms_behavior__rosidl_typesupport_introspection_c
[ 55%] [32m[1mLinking CXX shared library libnav2_sms_behavior__rosidl_typesupport_cpp.so[0m
[ 55%] Built target nav2_sms_behavior__rosidl_typesupport_cpp
[ 61%] [32mBuilding CXX object CMakeFiles/nav2_sms_behavior_plugin.dir/src/send_sms.cpp.o[0m
[ 61%] [32mBuilding CXX object CMakeFiles/nav2_sms_behavior_plugin.dir/src/twilio.cpp.o[0m
[ 64%] [32m[1mLinking CXX shared library libnav2_sms_behavior__rosidl_typesupport_introspection_cpp.so[0m
[ 67%] [32m[1mLinking CXX shared library libnav2_sms_behavior__rosidl_typesupport_fastrtps_cpp.so[0m
[ 70%] [32m[1mLinking CXX shared library libnav2_sms_behavior__rosidl_typesupport_fastrtps_c.so[0m
[ 70%] Built target nav2_sms_behavior__rosidl_typesupport_introspection_cpp
[ 70%] Built target nav2_sms_behavior__rosidl_typesupport_fastrtps_cpp
[ 70%] Built target nav2_sms_behavior__rosidl_typesupport_fastrtps_c
[ 70%] Built target nav2_sms_behavior
[ 73%] [34m[1mGenerating Python code for ROS interfaces[0m
[ 73%] Built target nav2_sms_behavior__py
[ 76%] [32mBuilding C object CMakeFiles/nav2_sms_behavior__rosidl_generator_py.dir/rosidl_generator_py/nav2_sms_behavior/action/_send_sms_s.c.o[0m
[ 79%] [32m[1mLinking C shared library rosidl_generator_py/nav2_sms_behavior/libnav2_sms_behavior__rosidl_generator_py.so[0m
[ 79%] Built target nav2_sms_behavior__rosidl_generator_py
[ 85%] [32mBuilding C object CMakeFiles/nav2_sms_behavior__rosidl_typesupport_c__pyext.dir/rosidl_generator_py/nav2_sms_behavior/_nav2_sms_behavior_s.ep.rosidl_typesupport_c.c.o[0m
[ 85%] [32mBuilding C object CMakeFiles/nav2_sms_behavior__rosidl_typesupport_introspection_c__pyext.dir/rosidl_generator_py/nav2_sms_behavior/_nav2_sms_behavior_s.ep.rosidl_typesupport_introspection_c.c.o[0m
[ 88%] [32mBuilding C object CMakeFiles/nav2_sms_behavior__rosidl_typesupport_fastrtps_c__pyext.dir/rosidl_generator_py/nav2_sms_behavior/_nav2_sms_behavior_s.ep.rosidl_typesupport_fastrtps_c.c.o[0m
[ 97%] [32m[1mLinking C shared library rosidl_generator_py/nav2_sms_behavior/nav2_sms_behavior_s__rosidl_typesupport_c.cpython-310-x86_64-linux-gnu.so[0m
[ 97%] [32m[1mLinking C shared library rosidl_generator_py/nav2_sms_behavior/nav2_sms_behavior_s__rosidl_typesupport_fastrtps_c.cpython-310-x86_64-linux-gnu.so[0m
[ 97%] [32m[1mLinking C shared library rosidl_generator_py/nav2_sms_behavior/nav2_sms_behavior_s__rosidl_typesupport_introspection_c.cpython-310-x86_64-linux-gnu.so[0m
[ 97%] Built target nav2_sms_behavior__rosidl_typesupport_c__pyext
[ 97%] Built target nav2_sms_behavior__rosidl_typesupport_introspection_c__pyext
[ 97%] Built target nav2_sms_behavior__rosidl_typesupport_fastrtps_c__pyext
[100%] [32m[1mLinking CXX shared library libnav2_sms_behavior_plugin.so[0m
[100%] Built target nav2_sms_behavior_plugin
-- Install configuration: ""
-- Execute custom install script
-- Symlinking: /home/jun/ros2_ws/install/nav2_sms_behavior/share/ament_index/resource_index/rosidl_interfaces/nav2_sms_behavior
-- Symlinking: /home/jun/ros2_ws/install/nav2_sms_behavior/include/nav2_sms_behavior/nav2_sms_behavior/action/detail/send_sms__functions.h
-- Symlinking: /home/jun/ros2_ws/install/nav2_sms_behavior/include/nav2_sms_behavior/nav2_sms_behavior/action/detail/send_sms__struct.h
-- Symlinking: /home/jun/ros2_ws/install/nav2_sms_behavior/include/nav2_sms_behavior/nav2_sms_behavior/action/detail/send_sms__type_support.h
-- Symlinking: /home/jun/ros2_ws/install/nav2_sms_behavior/include/nav2_sms_behavior/nav2_sms_behavior/action/send_sms.h
-- Symlinking: /home/jun/ros2_ws/install/nav2_sms_behavior/include/nav2_sms_behavior/nav2_sms_behavior/msg/rosidl_generator_c__visibility_control.h
-- Symlinking: /home/jun/ros2_ws/install/nav2_sms_behavior/share/nav2_sms_behavior/environment/library_path.sh
-- Symlinking: /home/jun/ros2_ws/install/nav2_sms_behavior/share/nav2_sms_behavior/environment/library_path.dsv
-- Symlinking: /home/jun/ros2_ws/install/nav2_sms_behavior/include/nav2_sms_behavior/nav2_sms_behavior/action/detail/send_sms__rosidl_typesupport_fastrtps_c.h
-- Symlinking: /home/jun/ros2_ws/install/nav2_sms_behavior/include/nav2_sms_behavior/nav2_sms_behavior/msg/rosidl_typesupport_fastrtps_c__visibility_control.h
-- Symlinking: /home/jun/ros2_ws/install/nav2_sms_behavior/include/nav2_sms_behavior/nav2_sms_behavior/action/detail/send_sms__builder.hpp
-- Symlinking: /home/jun/ros2_ws/install/nav2_sms_behavior/include/nav2_sms_behavior/nav2_sms_behavior/action/detail/send_sms__struct.hpp
-- Symlinking: /home/jun/ros2_ws/install/nav2_sms_behavior/include/nav2_sms_behavior/nav2_sms_behavior/action/detail/send_sms__traits.hpp
-- Symlinking: /home/jun/ros2_ws/install/nav2_sms_behavior/include/nav2_sms_behavior/nav2_sms_behavior/action/detail/send_sms__type_support.hpp
-- Symlinking: /home/jun/ros2_ws/install/nav2_sms_behavior/include/nav2_sms_behavior/nav2_sms_behavior/action/send_sms.hpp
-- Symlinking: /home/jun/ros2_ws/install/nav2_sms_behavior/include/nav2_sms_behavior/nav2_sms_behavior/msg/rosidl_generator_cpp__visibility_control.hpp
-- Symlinking: /home/jun/ros2_ws/install/nav2_sms_behavior/include/nav2_sms_behavior/nav2_sms_behavior/action/detail/send_sms__rosidl_typesupport_fastrtps_cpp.hpp
-- Symlinking: /home/jun/ros2_ws/install/nav2_sms_behavior/include/nav2_sms_behavior/nav2_sms_behavior/msg/rosidl_typesupport_fastrtps_cpp__visibility_control.h
-- Symlinking: /home/jun/ros2_ws/install/nav2_sms_behavior/include/nav2_sms_behavior/nav2_sms_behavior/action/detail/send_sms__rosidl_typesupport_introspection_c.h
-- Symlinking: /home/jun/ros2_ws/install/nav2_sms_behavior/include/nav2_sms_behavior/nav2_sms_behavior/msg/rosidl_typesupport_introspection_c__visibility_control.h
-- Symlinking: /home/jun/ros2_ws/install/nav2_sms_behavior/include/nav2_sms_behavior/nav2_sms_behavior/action/detail/send_sms__rosidl_typesupport_introspection_cpp.hpp
-- Symlinking: /home/jun/ros2_ws/install/nav2_sms_behavior/share/nav2_sms_behavior/environment/pythonpath.sh
-- Symlinking: /home/jun/ros2_ws/install/nav2_sms_behavior/share/nav2_sms_behavior/environment/pythonpath.dsv
-- Symlinking: /home/jun/ros2_ws/install/nav2_sms_behavior/local/lib/python3.10/dist-packages/nav2_sms_behavior-1.0.0-py3.10.egg-info/PKG-INFO
-- Symlinking: /home/jun/ros2_ws/install/nav2_sms_behavior/local/lib/python3.10/dist-packages/nav2_sms_behavior-1.0.0-py3.10.egg-info/SOURCES.txt
-- Symlinking: /home/jun/ros2_ws/install/nav2_sms_behavior/local/lib/python3.10/dist-packages/nav2_sms_behavior-1.0.0-py3.10.egg-info/dependency_links.txt
-- Symlinking: /home/jun/ros2_ws/install/nav2_sms_behavior/local/lib/python3.10/dist-packages/nav2_sms_behavior-1.0.0-py3.10.egg-info/top_level.txt
-- Symlinking: /home/jun/ros2_ws/install/nav2_sms_behavior/local/lib/python3.10/dist-packages/nav2_sms_behavior/__init__.py
-- Symlinking: /home/jun/ros2_ws/install/nav2_sms_behavior/local/lib/python3.10/dist-packages/nav2_sms_behavior/_nav2_sms_behavior_s.ep.rosidl_typesupport_c.c
-- Symlinking: /home/jun/ros2_ws/install/nav2_sms_behavior/local/lib/python3.10/dist-packages/nav2_sms_behavior/_nav2_sms_behavior_s.ep.rosidl_typesupport_fastrtps_c.c
-- Symlinking: /home/jun/ros2_ws/install/nav2_sms_behavior/local/lib/python3.10/dist-packages/nav2_sms_behavior/_nav2_sms_behavior_s.ep.rosidl_typesupport_introspection_c.c
-- Symlinking: /home/jun/ros2_ws/install/nav2_sms_behavior/local/lib/python3.10/dist-packages/nav2_sms_behavior/action/__init__.py
-- Symlinking: /home/jun/ros2_ws/install/nav2_sms_behavior/local/lib/python3.10/dist-packages/nav2_sms_behavior/action/_send_sms.py
-- Symlinking: /home/jun/ros2_ws/install/nav2_sms_behavior/local/lib/python3.10/dist-packages/nav2_sms_behavior/action/_send_sms_s.c
-- Symlinking: /home/jun/ros2_ws/install/nav2_sms_behavior/local/lib/python3.10/dist-packages/nav2_sms_behavior/libnav2_sms_behavior__rosidl_generator_py.so
-- Symlinking: /home/jun/ros2_ws/install/nav2_sms_behavior/local/lib/python3.10/dist-packages/nav2_sms_behavior/nav2_sms_behavior_s__rosidl_typesupport_c.cpython-310-x86_64-linux-gnu.so
-- Symlinking: /home/jun/ros2_ws/install/nav2_sms_behavior/local/lib/python3.10/dist-packages/nav2_sms_behavior/nav2_sms_behavior_s__rosidl_typesupport_fastrtps_c.cpython-310-x86_64-linux-gnu.so
-- Symlinking: /home/jun/ros2_ws/install/nav2_sms_behavior/local/lib/python3.10/dist-packages/nav2_sms_behavior/nav2_sms_behavior_s__rosidl_typesupport_introspection_c.cpython-310-x86_64-linux-gnu.so
-- Up-to-date symlink: /home/jun/ros2_ws/install/nav2_sms_behavior/local/lib/python3.10/dist-packages/nav2_sms_behavior/nav2_sms_behavior_s__rosidl_typesupport_fastrtps_c.cpython-310-x86_64-linux-gnu.so
-- Up-to-date symlink: /home/jun/ros2_ws/install/nav2_sms_behavior/local/lib/python3.10/dist-packages/nav2_sms_behavior/nav2_sms_behavior_s__rosidl_typesupport_introspection_c.cpython-310-x86_64-linux-gnu.so
-- Up-to-date symlink: /home/jun/ros2_ws/install/nav2_sms_behavior/local/lib/python3.10/dist-packages/nav2_sms_behavior/nav2_sms_behavior_s__rosidl_typesupport_c.cpython-310-x86_64-linux-gnu.so
-- Symlinking: /home/jun/ros2_ws/install/nav2_sms_behavior/share/nav2_sms_behavior/action/SendSms.idl
-- Symlinking: /home/jun/ros2_ws/install/nav2_sms_behavior/share/nav2_sms_behavior/action/SendSms.action
-- Symlinking: /home/jun/ros2_ws/install/nav2_sms_behavior/share/nav2_sms_behavior//behavior_plugin.xml
-- Symlinking: /home/jun/ros2_ws/install/nav2_sms_behavior/lib/libnav2_sms_behavior_plugin.so
-- Symlinking: /home/jun/ros2_ws/install/nav2_sms_behavior/include//nav2_sms_behavior/send_sms.hpp
-- Symlinking: /home/jun/ros2_ws/install/nav2_sms_behavior/include//nav2_sms_behavior/twilio.hpp
-- Symlinking: /home/jun/ros2_ws/install/nav2_sms_behavior/include//nav2_sms_behavior/type_conversion.hpp
-- Up-to-date symlink: /home/jun/ros2_ws/install/nav2_sms_behavior/share/nav2_sms_behavior/behavior_plugin.xml
-- Symlinking: /home/jun/ros2_ws/install/nav2_sms_behavior/share/ament_index/resource_index/package_run_dependencies/nav2_sms_behavior
-- Symlinking: /home/jun/ros2_ws/install/nav2_sms_behavior/share/ament_index/resource_index/parent_prefix_path/nav2_sms_behavior
-- Symlinking: /home/jun/ros2_ws/install/nav2_sms_behavior/share/nav2_sms_behavior/environment/ament_prefix_path.sh
-- Symlinking: /home/jun/ros2_ws/install/nav2_sms_behavior/share/nav2_sms_behavior/environment/ament_prefix_path.dsv
-- Symlinking: /home/jun/ros2_ws/install/nav2_sms_behavior/share/nav2_sms_behavior/environment/path.sh
-- Symlinking: /home/jun/ros2_ws/install/nav2_sms_behavior/share/nav2_sms_behavior/environment/path.dsv
-- Symlinking: /home/jun/ros2_ws/install/nav2_sms_behavior/share/nav2_sms_behavior/local_setup.bash
-- Symlinking: /home/jun/ros2_ws/install/nav2_sms_behavior/share/nav2_sms_behavior/local_setup.sh
-- Symlinking: /home/jun/ros2_ws/install/nav2_sms_behavior/share/nav2_sms_behavior/local_setup.zsh
-- Symlinking: /home/jun/ros2_ws/install/nav2_sms_behavior/share/nav2_sms_behavior/local_setup.dsv
-- Symlinking: /home/jun/ros2_ws/install/nav2_sms_behavior/share/nav2_sms_behavior/package.dsv
-- Symlinking: /home/jun/ros2_ws/install/nav2_sms_behavior/share/ament_index/resource_index/packages/nav2_sms_behavior
-- Symlinking: /home/jun/ros2_ws/install/nav2_sms_behavior/share/ament_index/resource_index/nav2_core__pluginlib__plugin/nav2_sms_behavior
-- Symlinking: /home/jun/ros2_ws/install/nav2_sms_behavior/share/nav2_sms_behavior/cmake/rosidl_cmake-extras.cmake
-- Symlinking: /home/jun/ros2_ws/install/nav2_sms_behavior/share/nav2_sms_behavior/cmake/ament_cmake_export_dependencies-extras.cmake
-- Symlinking: /home/jun/ros2_ws/install/nav2_sms_behavior/share/nav2_sms_behavior/cmake/ament_cmake_export_include_directories-extras.cmake
-- Symlinking: /home/jun/ros2_ws/install/nav2_sms_behavior/share/nav2_sms_behavior/cmake/ament_cmake_export_libraries-extras.cmake
-- Symlinking: /home/jun/ros2_ws/install/nav2_sms_behavior/share/nav2_sms_behavior/cmake/ament_cmake_export_targets-extras.cmake
-- Symlinking: /home/jun/ros2_ws/install/nav2_sms_behavior/share/nav2_sms_behavior/cmake/rosidl_cmake_export_typesupport_targets-extras.cmake
-- Symlinking: /home/jun/ros2_ws/install/nav2_sms_behavior/share/nav2_sms_behavior/cmake/rosidl_cmake_export_typesupport_libraries-extras.cmake
-- Symlinking: /home/jun/ros2_ws/install/nav2_sms_behavior/share/nav2_sms_behavior/cmake/nav2_sms_behaviorConfig.cmake
-- Symlinking: /home/jun/ros2_ws/install/nav2_sms_behavior/share/nav2_sms_behavior/cmake/nav2_sms_behaviorConfig-version.cmake
-- Symlinking: /home/jun/ros2_ws/install/nav2_sms_behavior/share/nav2_sms_behavior/package.xml
-- Installing: /home/jun/ros2_ws/install/nav2_sms_behavior/lib/libnav2_sms_behavior__rosidl_generator_c.so
-- Set runtime path of "/home/jun/ros2_ws/install/nav2_sms_behavior/lib/libnav2_sms_behavior__rosidl_generator_c.so" to ""
-- Installing: /home/jun/ros2_ws/install/nav2_sms_behavior/lib/libnav2_sms_behavior__rosidl_typesupport_fastrtps_c.so
-- Set runtime path of "/home/jun/ros2_ws/install/nav2_sms_behavior/lib/libnav2_sms_behavior__rosidl_typesupport_fastrtps_c.so" to ""
-- Installing: /home/jun/ros2_ws/install/nav2_sms_behavior/lib/libnav2_sms_behavior__rosidl_typesupport_fastrtps_cpp.so
-- Set runtime path of "/home/jun/ros2_ws/install/nav2_sms_behavior/lib/libnav2_sms_behavior__rosidl_typesupport_fastrtps_cpp.so" to ""
-- Installing: /home/jun/ros2_ws/install/nav2_sms_behavior/lib/libnav2_sms_behavior__rosidl_typesupport_introspection_c.so
-- Set runtime path of "/home/jun/ros2_ws/install/nav2_sms_behavior/lib/libnav2_sms_behavior__rosidl_typesupport_introspection_c.so" to ""
-- Installing: /home/jun/ros2_ws/install/nav2_sms_behavior/lib/libnav2_sms_behavior__rosidl_typesupport_c.so
-- Set runtime path of "/home/jun/ros2_ws/install/nav2_sms_behavior/lib/libnav2_sms_behavior__rosidl_typesupport_c.so" to ""
-- Installing: /home/jun/ros2_ws/install/nav2_sms_behavior/lib/libnav2_sms_behavior__rosidl_typesupport_introspection_cpp.so
-- Set runtime path of "/home/jun/ros2_ws/install/nav2_sms_behavior/lib/libnav2_sms_behavior__rosidl_typesupport_introspection_cpp.so" to ""
-- Installing: /home/jun/ros2_ws/install/nav2_sms_behavior/lib/libnav2_sms_behavior__rosidl_typesupport_cpp.so
-- Set runtime path of "/home/jun/ros2_ws/install/nav2_sms_behavior/lib/libnav2_sms_behavior__rosidl_typesupport_cpp.so" to ""
Listing '/home/jun/ros2_ws/install/nav2_sms_behavior/local/lib/python3.10/dist-packages/nav2_sms_behavior'...
Compiling '/home/jun/ros2_ws/install/nav2_sms_behavior/local/lib/python3.10/dist-packages/nav2_sms_behavior/__init__.py'...
Listing '/home/jun/ros2_ws/install/nav2_sms_behavior/local/lib/python3.10/dist-packages/nav2_sms_behavior/action'...
Compiling '/home/jun/ros2_ws/install/nav2_sms_behavior/local/lib/python3.10/dist-packages/nav2_sms_behavior/action/__init__.py'...
Compiling '/home/jun/ros2_ws/install/nav2_sms_behavior/local/lib/python3.10/dist-packages/nav2_sms_behavior/action/_send_sms.py'...
-- Installing: /home/jun/ros2_ws/install/nav2_sms_behavior/lib/libnav2_sms_behavior__rosidl_generator_py.so
-- Set runtime path of "/home/jun/ros2_ws/install/nav2_sms_behavior/lib/libnav2_sms_behavior__rosidl_generator_py.so" to ""
-- Installing: /home/jun/ros2_ws/install/nav2_sms_behavior/share/nav2_sms_behavior/cmake/export_nav2_sms_behavior__rosidl_generator_cExport.cmake
-- Installing: /home/jun/ros2_ws/install/nav2_sms_behavior/share/nav2_sms_behavior/cmake/export_nav2_sms_behavior__rosidl_generator_cExport-noconfig.cmake
-- Installing: /home/jun/ros2_ws/install/nav2_sms_behavior/share/nav2_sms_behavior/cmake/export_nav2_sms_behavior__rosidl_typesupport_fastrtps_cExport.cmake
-- Installing: /home/jun/ros2_ws/install/nav2_sms_behavior/share/nav2_sms_behavior/cmake/export_nav2_sms_behavior__rosidl_typesupport_fastrtps_cExport-noconfig.cmake
-- Installing: /home/jun/ros2_ws/install/nav2_sms_behavior/share/nav2_sms_behavior/cmake/export_nav2_sms_behavior__rosidl_generator_cppExport.cmake
-- Installing: /home/jun/ros2_ws/install/nav2_sms_behavior/share/nav2_sms_behavior/cmake/export_nav2_sms_behavior__rosidl_typesupport_fastrtps_cppExport.cmake
-- Installing: /home/jun/ros2_ws/install/nav2_sms_behavior/share/nav2_sms_behavior/cmake/export_nav2_sms_behavior__rosidl_typesupport_fastrtps_cppExport-noconfig.cmake
-- Installing: /home/jun/ros2_ws/install/nav2_sms_behavior/share/nav2_sms_behavior/cmake/nav2_sms_behavior__rosidl_typesupport_introspection_cExport.cmake
-- Installing: /home/jun/ros2_ws/install/nav2_sms_behavior/share/nav2_sms_behavior/cmake/nav2_sms_behavior__rosidl_typesupport_introspection_cExport-noconfig.cmake
-- Installing: /home/jun/ros2_ws/install/nav2_sms_behavior/share/nav2_sms_behavior/cmake/nav2_sms_behavior__rosidl_typesupport_cExport.cmake
-- Installing: /home/jun/ros2_ws/install/nav2_sms_behavior/share/nav2_sms_behavior/cmake/nav2_sms_behavior__rosidl_typesupport_cExport-noconfig.cmake
-- Installing: /home/jun/ros2_ws/install/nav2_sms_behavior/share/nav2_sms_behavior/cmake/nav2_sms_behavior__rosidl_typesupport_introspection_cppExport.cmake
-- Installing: /home/jun/ros2_ws/install/nav2_sms_behavior/share/nav2_sms_behavior/cmake/nav2_sms_behavior__rosidl_typesupport_introspection_cppExport-noconfig.cmake
-- Installing: /home/jun/ros2_ws/install/nav2_sms_behavior/share/nav2_sms_behavior/cmake/nav2_sms_behavior__rosidl_typesupport_cppExport.cmake
-- Installing: /home/jun/ros2_ws/install/nav2_sms_behavior/share/nav2_sms_behavior/cmake/nav2_sms_behavior__rosidl_typesupport_cppExport-noconfig.cmake
-- Installing: /home/jun/ros2_ws/install/nav2_sms_behavior/share/nav2_sms_behavior/cmake/export_nav2_sms_behavior__rosidl_generator_pyExport.cmake
-- Installing: /home/jun/ros2_ws/install/nav2_sms_behavior/share/nav2_sms_behavior/cmake/export_nav2_sms_behavior__rosidl_generator_pyExport-noconfig.cmake
