[0.033s] Invoking command in '/home/jun/ros2_ws/build/nav2_sms_behavior': CMAKE_PREFIX_PATH=${CMAKE_PREFIX_PATH}:/home/jun/lane_tracking_ws/install/lane_tracking:/home/jun/nav2_ws/install/nav2_simple_commander:/opt/ros/humble /usr/bin/cmake /home/jun/ros2_ws/src/navigation2_tutorials/nav2_sms_behavior -DAMENT_CMAKE_SYMLINK_INSTALL=1 -DCMAKE_INSTALL_PREFIX=/home/jun/ros2_ws/install/nav2_sms_behavior
[0.126s] -- The C compiler identification is GNU 11.4.0
[0.204s] -- The CXX compiler identification is GNU 11.4.0
[0.214s] -- Detecting C compiler ABI info
[0.314s] -- Detecting C compiler ABI info - done
[0.320s] -- Check for working C compiler: /usr/bin/cc - skipped
[0.321s] -- Detecting C compile features
[0.321s] -- Detecting C compile features - done
[0.324s] -- Detecting CXX compiler ABI info
[0.436s] -- Detecting CXX compiler ABI info - done
[0.443s] -- Check for working CXX compiler: /usr/bin/c++ - skipped
[0.443s] -- Detecting CXX compile features
[0.444s] -- Detecting CXX compile features - done
[0.454s] -- Found ament_cmake: 1.3.11 (/opt/ros/humble/share/ament_cmake/cmake)
[0.596s] -- Found Python3: /usr/bin/python3 (found version "3.10.12") found components: Interpreter 
[0.647s] -- Override CMake install command with custom implementation using symlinks instead of copying resources
[0.720s] -- Found rclcpp: 16.0.11 (/opt/ros/humble/share/rclcpp/cmake)
[0.795s] -- Found rosidl_generator_c: 3.1.6 (/opt/ros/humble/share/rosidl_generator_c/cmake)
[0.808s] -- Found rosidl_adapter: 3.1.6 (/opt/ros/humble/share/rosidl_adapter/cmake)
[0.823s] -- Found rosidl_generator_cpp: 3.1.6 (/opt/ros/humble/share/rosidl_generator_cpp/cmake)
[0.842s] -- Using all available rosidl_typesupport_c: rosidl_typesupport_fastrtps_c;rosidl_typesupport_introspection_c
[0.866s] -- Using all available rosidl_typesupport_cpp: rosidl_typesupport_fastrtps_cpp;rosidl_typesupport_introspection_cpp
[0.944s] -- Found rmw_implementation_cmake: 6.1.2 (/opt/ros/humble/share/rmw_implementation_cmake/cmake)
[0.951s] -- Found rmw_fastrtps_cpp: 6.2.7 (/opt/ros/humble/share/rmw_fastrtps_cpp/cmake)
[1.078s] -- Found OpenSSL: /usr/lib/x86_64-linux-gnu/libcrypto.so (found version "3.0.2")  
[1.104s] -- Found FastRTPS: /opt/ros/humble/include  
[1.150s] -- Using RMW implementation 'rmw_fastrtps_cpp' as default
[1.170s] -- Looking for pthread.h
[1.248s] -- Looking for pthread.h - found
[1.249s] -- Performing Test CMAKE_HAVE_LIBC_PTHREAD
[1.322s] -- Performing Test CMAKE_HAVE_LIBC_PTHREAD - Success
[1.322s] -- Found Threads: TRUE  
[1.376s] -- Found rclcpp_action: 16.0.11 (/opt/ros/humble/share/rclcpp_action/cmake)
[1.419s] -- Found rclcpp_lifecycle: 16.0.11 (/opt/ros/humble/share/rclcpp_lifecycle/cmake)
[1.442s] -- Found visualization_msgs: 4.2.4 (/opt/ros/humble/share/visualization_msgs/cmake)
[1.483s] -- Found nav2_util: 1.1.17 (/home/jun/nav2_ws/install/nav2_util/share/nav2_util/cmake)
[1.619s] -- Found eigen3_cmake_module: 0.1.1 (/opt/ros/humble/share/eigen3_cmake_module/cmake)
[1.619s] -- Found Eigen3: TRUE (found version "3.4.0") 
[1.619s] -- Ensuring Eigen3 include directory is part of orocos-kdl CMake target
[1.655s] -- Found nav2_costmap_2d: 1.1.17 (/home/jun/nav2_ws/install/nav2_costmap_2d/share/nav2_costmap_2d/cmake)
[1.734s] -- Found nav2_core: 1.1.17 (/home/jun/nav2_ws/install/nav2_core/share/nav2_core/cmake)
[1.744s] -- Found nav2_behaviors: 1.1.17 (/home/jun/nav2_ws/install/nav2_behaviors/share/nav2_behaviors/cmake)
[1.784s] -- Found rosidl_default_generators: 1.2.0 (/opt/ros/humble/share/rosidl_default_generators/cmake)
[1.901s] -- Found CURL: /usr/lib/x86_64-linux-gnu/libcurl.so (found version "7.81.0")  
[2.102s] -- Found ament_cmake_ros: 0.10.0 (/opt/ros/humble/share/ament_cmake_ros/cmake)
[2.387s] -- Using all available rosidl_typesupport_c: rosidl_typesupport_fastrtps_c;rosidl_typesupport_introspection_c
[2.494s] -- Using all available rosidl_typesupport_cpp: rosidl_typesupport_fastrtps_cpp;rosidl_typesupport_introspection_cpp
[2.515s] -- Found PythonInterp: /usr/bin/python3 (found suitable version "3.10.12", minimum required is "3.6") 
[2.521s] -- Found python_cmake_module: 0.10.0 (/opt/ros/humble/share/python_cmake_module/cmake)
[2.545s] -- Found PythonLibs: /usr/lib/x86_64-linux-gnu/libpython3.10.so (found suitable version "3.10.12", minimum required is "3.5") 
[2.545s] -- Using PYTHON_EXECUTABLE: /usr/bin/python3
[2.545s] -- Using PYTHON_INCLUDE_DIRS: /usr/include/python3.10
[2.545s] -- Using PYTHON_LIBRARIES: /usr/lib/x86_64-linux-gnu/libpython3.10.so
[2.562s] -- Found PythonExtra: .so  
[3.242s] -- Found ament_lint_auto: 0.12.11 (/opt/ros/humble/share/ament_lint_auto/cmake)
[3.291s] -- Added test 'copyright' to check source files copyright and LICENSE
[3.292s] -- Added test 'cppcheck' to perform static code analysis on C / C++ code
[3.292s] -- Configured cppcheck include dirs: /home/jun/ros2_ws/src/navigation2_tutorials/nav2_sms_behavior/include
[3.292s] -- Configured cppcheck exclude dirs and/or files: 
[3.294s] -- Added test 'cpplint' to check C / C++ code against the Google style
[3.294s] -- Configured cpplint exclude dirs and/or files: 
[3.295s] -- Added test 'lint_cmake' to check CMake code style
[3.296s] -- Added test 'uncrustify' to check C / C++ code style
[3.296s] -- Configured uncrustify additional arguments: 
[3.297s] -- Added test 'xmllint' to check XML markup files
[3.300s] -- Configuring done
[3.379s] -- Generating done
[3.390s] -- Build files have been written to: /home/jun/ros2_ws/build/nav2_sms_behavior
[3.403s] Invoked command in '/home/jun/ros2_ws/build/nav2_sms_behavior' returned '0': CMAKE_PREFIX_PATH=${CMAKE_PREFIX_PATH}:/home/jun/lane_tracking_ws/install/lane_tracking:/home/jun/nav2_ws/install/nav2_simple_commander:/opt/ros/humble /usr/bin/cmake /home/jun/ros2_ws/src/navigation2_tutorials/nav2_sms_behavior -DAMENT_CMAKE_SYMLINK_INSTALL=1 -DCMAKE_INSTALL_PREFIX=/home/jun/ros2_ws/install/nav2_sms_behavior
[3.405s] Invoking command in '/home/jun/ros2_ws/build/nav2_sms_behavior': CMAKE_PREFIX_PATH=${CMAKE_PREFIX_PATH}:/home/jun/lane_tracking_ws/install/lane_tracking:/home/jun/nav2_ws/install/nav2_simple_commander:/opt/ros/humble /usr/bin/cmake --build /home/jun/ros2_ws/build/nav2_sms_behavior -- -j16 -l16
[3.461s] [  2%] [34m[1mGenerating C code for ROS interfaces[0m
[3.473s] [  5%] [34m[1mGenerating C++ code for ROS interfaces[0m
[3.483s] [  5%] Built target ament_cmake_python_symlink_nav2_sms_behavior
[3.654s] running egg_info
[3.654s] creating nav2_sms_behavior.egg-info
[3.655s] writing nav2_sms_behavior.egg-info/PKG-INFO
[3.655s] writing dependency_links to nav2_sms_behavior.egg-info/dependency_links.txt
[3.655s] writing top-level names to nav2_sms_behavior.egg-info/top_level.txt
[3.655s] writing manifest file 'nav2_sms_behavior.egg-info/SOURCES.txt'
[3.656s] reading manifest file 'nav2_sms_behavior.egg-info/SOURCES.txt'
[3.657s] writing manifest file 'nav2_sms_behavior.egg-info/SOURCES.txt'
[3.684s] [  5%] Built target ament_cmake_python_build_nav2_sms_behavior_egg
[3.742s] [  8%] [32mBuilding C object CMakeFiles/nav2_sms_behavior__rosidl_generator_c.dir/rosidl_generator_c/nav2_sms_behavior/action/detail/send_sms__functions.c.o[0m
[3.747s] [  8%] Built target nav2_sms_behavior__cpp
[3.762s] [ 17%] [34m[1mGenerating C++ introspection for ROS interfaces[0m
[3.762s] [ 17%] [34m[1mGenerating C++ type support for eProsima Fast-RTPS[0m
[3.762s] [ 17%] [34m[1mGenerating C++ type support dispatch for ROS interfaces[0m
[3.841s] [ 20%] [32m[1mLinking C shared library libnav2_sms_behavior__rosidl_generator_c.so[0m
[3.883s] [ 20%] Built target nav2_sms_behavior__rosidl_generator_c
[3.896s] [ 26%] [34m[1mGenerating C type support dispatch for ROS interfaces[0m
[3.896s] [ 26%] [34m[1mGenerating C introspection for ROS interfaces[0m
[3.898s] [ 29%] [34m[1mGenerating C type support for eProsima Fast-RTPS[0m
[3.972s] [ 32%] [32mBuilding CXX object CMakeFiles/nav2_sms_behavior__rosidl_typesupport_cpp.dir/rosidl_typesupport_cpp/nav2_sms_behavior/action/send_sms__type_support.cpp.o[0m
[4.000s] [ 35%] [32mBuilding CXX object CMakeFiles/nav2_sms_behavior__rosidl_typesupport_introspection_cpp.dir/rosidl_typesupport_introspection_cpp/nav2_sms_behavior/action/detail/send_sms__type_support.cpp.o[0m
[4.041s] [ 38%] [32mBuilding CXX object CMakeFiles/nav2_sms_behavior__rosidl_typesupport_fastrtps_cpp.dir/rosidl_typesupport_fastrtps_cpp/nav2_sms_behavior/action/detail/dds_fastrtps/send_sms__type_support.cpp.o[0m
[4.098s] [ 41%] [32mBuilding CXX object CMakeFiles/nav2_sms_behavior__rosidl_typesupport_c.dir/rosidl_typesupport_c/nav2_sms_behavior/action/send_sms__type_support.cpp.o[0m
[4.142s] [ 44%] [32m[1mLinking CXX shared library libnav2_sms_behavior__rosidl_typesupport_c.so[0m
[4.148s] [ 47%] [32mBuilding C object CMakeFiles/nav2_sms_behavior__rosidl_typesupport_introspection_c.dir/rosidl_typesupport_introspection_c/nav2_sms_behavior/action/detail/send_sms__type_support.c.o[0m
[4.189s] [ 50%] [32m[1mLinking C shared library libnav2_sms_behavior__rosidl_typesupport_introspection_c.so[0m
[4.193s] [ 50%] Built target nav2_sms_behavior__rosidl_typesupport_c
[4.199s] [ 52%] [32mBuilding CXX object CMakeFiles/nav2_sms_behavior__rosidl_typesupport_fastrtps_c.dir/rosidl_typesupport_fastrtps_c/nav2_sms_behavior/action/detail/send_sms__type_support_c.cpp.o[0m
[4.226s] [ 52%] Built target nav2_sms_behavior__rosidl_typesupport_introspection_c
[4.288s] [ 55%] [32m[1mLinking CXX shared library libnav2_sms_behavior__rosidl_typesupport_cpp.so[0m
[4.336s] [ 55%] Built target nav2_sms_behavior__rosidl_typesupport_cpp
[4.366s] [ 61%] [32mBuilding CXX object CMakeFiles/nav2_sms_behavior_plugin.dir/src/send_sms.cpp.o[0m
[4.366s] [ 61%] [32mBuilding CXX object CMakeFiles/nav2_sms_behavior_plugin.dir/src/twilio.cpp.o[0m
[4.424s] [ 64%] [32m[1mLinking CXX shared library libnav2_sms_behavior__rosidl_typesupport_introspection_cpp.so[0m
[4.450s] [ 67%] [32m[1mLinking CXX shared library libnav2_sms_behavior__rosidl_typesupport_fastrtps_cpp.so[0m
[4.459s] [ 70%] [32m[1mLinking CXX shared library libnav2_sms_behavior__rosidl_typesupport_fastrtps_c.so[0m
[4.504s] [ 70%] Built target nav2_sms_behavior__rosidl_typesupport_introspection_cpp
[4.529s] [ 70%] Built target nav2_sms_behavior__rosidl_typesupport_fastrtps_cpp
[4.537s] [ 70%] Built target nav2_sms_behavior__rosidl_typesupport_fastrtps_c
[4.568s] [ 70%] Built target nav2_sms_behavior
[4.595s] [ 73%] [34m[1mGenerating Python code for ROS interfaces[0m
[5.031s] [ 73%] Built target nav2_sms_behavior__py
[5.062s] [ 76%] [32mBuilding C object CMakeFiles/nav2_sms_behavior__rosidl_generator_py.dir/rosidl_generator_py/nav2_sms_behavior/action/_send_sms_s.c.o[0m
[5.164s] [ 79%] [32m[1mLinking C shared library rosidl_generator_py/nav2_sms_behavior/libnav2_sms_behavior__rosidl_generator_py.so[0m
[5.211s] [ 79%] Built target nav2_sms_behavior__rosidl_generator_py
[5.239s] [ 85%] [32mBuilding C object CMakeFiles/nav2_sms_behavior__rosidl_typesupport_c__pyext.dir/rosidl_generator_py/nav2_sms_behavior/_nav2_sms_behavior_s.ep.rosidl_typesupport_c.c.o[0m
[5.239s] [ 85%] [32mBuilding C object CMakeFiles/nav2_sms_behavior__rosidl_typesupport_introspection_c__pyext.dir/rosidl_generator_py/nav2_sms_behavior/_nav2_sms_behavior_s.ep.rosidl_typesupport_introspection_c.c.o[0m
[5.240s] [ 88%] [32mBuilding C object CMakeFiles/nav2_sms_behavior__rosidl_typesupport_fastrtps_c__pyext.dir/rosidl_generator_py/nav2_sms_behavior/_nav2_sms_behavior_s.ep.rosidl_typesupport_fastrtps_c.c.o[0m
[5.325s] [ 97%] [32m[1mLinking C shared library rosidl_generator_py/nav2_sms_behavior/nav2_sms_behavior_s__rosidl_typesupport_c.cpython-310-x86_64-linux-gnu.so[0m
[5.325s] [ 97%] [32m[1mLinking C shared library rosidl_generator_py/nav2_sms_behavior/nav2_sms_behavior_s__rosidl_typesupport_fastrtps_c.cpython-310-x86_64-linux-gnu.so[0m
[5.325s] [ 97%] [32m[1mLinking C shared library rosidl_generator_py/nav2_sms_behavior/nav2_sms_behavior_s__rosidl_typesupport_introspection_c.cpython-310-x86_64-linux-gnu.so[0m
[5.367s] [ 97%] Built target nav2_sms_behavior__rosidl_typesupport_c__pyext
[5.367s] [ 97%] Built target nav2_sms_behavior__rosidl_typesupport_introspection_c__pyext
[5.367s] [ 97%] Built target nav2_sms_behavior__rosidl_typesupport_fastrtps_c__pyext
[9.091s] [100%] [32m[1mLinking CXX shared library libnav2_sms_behavior_plugin.so[0m
[9.481s] [100%] Built target nav2_sms_behavior_plugin
[9.494s] Invoked command in '/home/jun/ros2_ws/build/nav2_sms_behavior' returned '0': CMAKE_PREFIX_PATH=${CMAKE_PREFIX_PATH}:/home/jun/lane_tracking_ws/install/lane_tracking:/home/jun/nav2_ws/install/nav2_simple_commander:/opt/ros/humble /usr/bin/cmake --build /home/jun/ros2_ws/build/nav2_sms_behavior -- -j16 -l16
[9.495s] Invoking command in '/home/jun/ros2_ws/build/nav2_sms_behavior': CMAKE_PREFIX_PATH=${CMAKE_PREFIX_PATH}:/home/jun/lane_tracking_ws/install/lane_tracking:/home/jun/nav2_ws/install/nav2_simple_commander:/opt/ros/humble /usr/bin/cmake --install /home/jun/ros2_ws/build/nav2_sms_behavior
[9.504s] -- Install configuration: ""
[9.504s] -- Execute custom install script
[9.504s] -- Symlinking: /home/jun/ros2_ws/install/nav2_sms_behavior/share/ament_index/resource_index/rosidl_interfaces/nav2_sms_behavior
[9.514s] -- Symlinking: /home/jun/ros2_ws/install/nav2_sms_behavior/include/nav2_sms_behavior/nav2_sms_behavior/action/detail/send_sms__functions.h
[9.522s] -- Symlinking: /home/jun/ros2_ws/install/nav2_sms_behavior/include/nav2_sms_behavior/nav2_sms_behavior/action/detail/send_sms__struct.h
[9.533s] -- Symlinking: /home/jun/ros2_ws/install/nav2_sms_behavior/include/nav2_sms_behavior/nav2_sms_behavior/action/detail/send_sms__type_support.h
[9.542s] -- Symlinking: /home/jun/ros2_ws/install/nav2_sms_behavior/include/nav2_sms_behavior/nav2_sms_behavior/action/send_sms.h
[9.553s] -- Symlinking: /home/jun/ros2_ws/install/nav2_sms_behavior/include/nav2_sms_behavior/nav2_sms_behavior/msg/rosidl_generator_c__visibility_control.h
[9.564s] -- Symlinking: /home/jun/ros2_ws/install/nav2_sms_behavior/share/nav2_sms_behavior/environment/library_path.sh
[9.575s] -- Symlinking: /home/jun/ros2_ws/install/nav2_sms_behavior/share/nav2_sms_behavior/environment/library_path.dsv
[9.586s] -- Symlinking: /home/jun/ros2_ws/install/nav2_sms_behavior/include/nav2_sms_behavior/nav2_sms_behavior/action/detail/send_sms__rosidl_typesupport_fastrtps_c.h
[9.594s] -- Symlinking: /home/jun/ros2_ws/install/nav2_sms_behavior/include/nav2_sms_behavior/nav2_sms_behavior/msg/rosidl_typesupport_fastrtps_c__visibility_control.h
[9.606s] -- Symlinking: /home/jun/ros2_ws/install/nav2_sms_behavior/include/nav2_sms_behavior/nav2_sms_behavior/action/detail/send_sms__builder.hpp
[9.619s] -- Symlinking: /home/jun/ros2_ws/install/nav2_sms_behavior/include/nav2_sms_behavior/nav2_sms_behavior/action/detail/send_sms__struct.hpp
[9.629s] -- Symlinking: /home/jun/ros2_ws/install/nav2_sms_behavior/include/nav2_sms_behavior/nav2_sms_behavior/action/detail/send_sms__traits.hpp
[9.639s] -- Symlinking: /home/jun/ros2_ws/install/nav2_sms_behavior/include/nav2_sms_behavior/nav2_sms_behavior/action/detail/send_sms__type_support.hpp
[9.650s] -- Symlinking: /home/jun/ros2_ws/install/nav2_sms_behavior/include/nav2_sms_behavior/nav2_sms_behavior/action/send_sms.hpp
[9.661s] -- Symlinking: /home/jun/ros2_ws/install/nav2_sms_behavior/include/nav2_sms_behavior/nav2_sms_behavior/msg/rosidl_generator_cpp__visibility_control.hpp
[9.671s] -- Symlinking: /home/jun/ros2_ws/install/nav2_sms_behavior/include/nav2_sms_behavior/nav2_sms_behavior/action/detail/send_sms__rosidl_typesupport_fastrtps_cpp.hpp
[9.681s] -- Symlinking: /home/jun/ros2_ws/install/nav2_sms_behavior/include/nav2_sms_behavior/nav2_sms_behavior/msg/rosidl_typesupport_fastrtps_cpp__visibility_control.h
[9.691s] -- Symlinking: /home/jun/ros2_ws/install/nav2_sms_behavior/include/nav2_sms_behavior/nav2_sms_behavior/action/detail/send_sms__rosidl_typesupport_introspection_c.h
[9.701s] -- Symlinking: /home/jun/ros2_ws/install/nav2_sms_behavior/include/nav2_sms_behavior/nav2_sms_behavior/msg/rosidl_typesupport_introspection_c__visibility_control.h
[9.711s] -- Symlinking: /home/jun/ros2_ws/install/nav2_sms_behavior/include/nav2_sms_behavior/nav2_sms_behavior/action/detail/send_sms__rosidl_typesupport_introspection_cpp.hpp
[9.722s] -- Symlinking: /home/jun/ros2_ws/install/nav2_sms_behavior/share/nav2_sms_behavior/environment/pythonpath.sh
[9.735s] -- Symlinking: /home/jun/ros2_ws/install/nav2_sms_behavior/share/nav2_sms_behavior/environment/pythonpath.dsv
[9.746s] -- Symlinking: /home/jun/ros2_ws/install/nav2_sms_behavior/local/lib/python3.10/dist-packages/nav2_sms_behavior-1.0.0-py3.10.egg-info/PKG-INFO
[9.757s] -- Symlinking: /home/jun/ros2_ws/install/nav2_sms_behavior/local/lib/python3.10/dist-packages/nav2_sms_behavior-1.0.0-py3.10.egg-info/SOURCES.txt
[9.768s] -- Symlinking: /home/jun/ros2_ws/install/nav2_sms_behavior/local/lib/python3.10/dist-packages/nav2_sms_behavior-1.0.0-py3.10.egg-info/dependency_links.txt
[9.778s] -- Symlinking: /home/jun/ros2_ws/install/nav2_sms_behavior/local/lib/python3.10/dist-packages/nav2_sms_behavior-1.0.0-py3.10.egg-info/top_level.txt
[9.790s] -- Symlinking: /home/jun/ros2_ws/install/nav2_sms_behavior/local/lib/python3.10/dist-packages/nav2_sms_behavior/__init__.py
[9.803s] -- Symlinking: /home/jun/ros2_ws/install/nav2_sms_behavior/local/lib/python3.10/dist-packages/nav2_sms_behavior/_nav2_sms_behavior_s.ep.rosidl_typesupport_c.c
[9.813s] -- Symlinking: /home/jun/ros2_ws/install/nav2_sms_behavior/local/lib/python3.10/dist-packages/nav2_sms_behavior/_nav2_sms_behavior_s.ep.rosidl_typesupport_fastrtps_c.c
[9.824s] -- Symlinking: /home/jun/ros2_ws/install/nav2_sms_behavior/local/lib/python3.10/dist-packages/nav2_sms_behavior/_nav2_sms_behavior_s.ep.rosidl_typesupport_introspection_c.c
[9.835s] -- Symlinking: /home/jun/ros2_ws/install/nav2_sms_behavior/local/lib/python3.10/dist-packages/nav2_sms_behavior/action/__init__.py
[9.846s] -- Symlinking: /home/jun/ros2_ws/install/nav2_sms_behavior/local/lib/python3.10/dist-packages/nav2_sms_behavior/action/_send_sms.py
[9.856s] -- Symlinking: /home/jun/ros2_ws/install/nav2_sms_behavior/local/lib/python3.10/dist-packages/nav2_sms_behavior/action/_send_sms_s.c
[9.867s] -- Symlinking: /home/jun/ros2_ws/install/nav2_sms_behavior/local/lib/python3.10/dist-packages/nav2_sms_behavior/libnav2_sms_behavior__rosidl_generator_py.so
[9.876s] -- Symlinking: /home/jun/ros2_ws/install/nav2_sms_behavior/local/lib/python3.10/dist-packages/nav2_sms_behavior/nav2_sms_behavior_s__rosidl_typesupport_c.cpython-310-x86_64-linux-gnu.so
[9.887s] -- Symlinking: /home/jun/ros2_ws/install/nav2_sms_behavior/local/lib/python3.10/dist-packages/nav2_sms_behavior/nav2_sms_behavior_s__rosidl_typesupport_fastrtps_c.cpython-310-x86_64-linux-gnu.so
[9.896s] -- Symlinking: /home/jun/ros2_ws/install/nav2_sms_behavior/local/lib/python3.10/dist-packages/nav2_sms_behavior/nav2_sms_behavior_s__rosidl_typesupport_introspection_c.cpython-310-x86_64-linux-gnu.so
[9.906s] -- Up-to-date symlink: /home/jun/ros2_ws/install/nav2_sms_behavior/local/lib/python3.10/dist-packages/nav2_sms_behavior/nav2_sms_behavior_s__rosidl_typesupport_fastrtps_c.cpython-310-x86_64-linux-gnu.so
[9.906s] -- Up-to-date symlink: /home/jun/ros2_ws/install/nav2_sms_behavior/local/lib/python3.10/dist-packages/nav2_sms_behavior/nav2_sms_behavior_s__rosidl_typesupport_introspection_c.cpython-310-x86_64-linux-gnu.so
[9.906s] -- Up-to-date symlink: /home/jun/ros2_ws/install/nav2_sms_behavior/local/lib/python3.10/dist-packages/nav2_sms_behavior/nav2_sms_behavior_s__rosidl_typesupport_c.cpython-310-x86_64-linux-gnu.so
[9.906s] -- Symlinking: /home/jun/ros2_ws/install/nav2_sms_behavior/share/nav2_sms_behavior/action/SendSms.idl
[9.915s] -- Symlinking: /home/jun/ros2_ws/install/nav2_sms_behavior/share/nav2_sms_behavior/action/SendSms.action
[9.925s] -- Symlinking: /home/jun/ros2_ws/install/nav2_sms_behavior/share/nav2_sms_behavior//behavior_plugin.xml
[9.938s] -- Symlinking: /home/jun/ros2_ws/install/nav2_sms_behavior/lib/libnav2_sms_behavior_plugin.so
[9.949s] -- Symlinking: /home/jun/ros2_ws/install/nav2_sms_behavior/include//nav2_sms_behavior/send_sms.hpp
[9.960s] -- Symlinking: /home/jun/ros2_ws/install/nav2_sms_behavior/include//nav2_sms_behavior/twilio.hpp
[9.970s] -- Symlinking: /home/jun/ros2_ws/install/nav2_sms_behavior/include//nav2_sms_behavior/type_conversion.hpp
[9.980s] -- Up-to-date symlink: /home/jun/ros2_ws/install/nav2_sms_behavior/share/nav2_sms_behavior/behavior_plugin.xml
[9.980s] -- Symlinking: /home/jun/ros2_ws/install/nav2_sms_behavior/share/ament_index/resource_index/package_run_dependencies/nav2_sms_behavior
[9.990s] -- Symlinking: /home/jun/ros2_ws/install/nav2_sms_behavior/share/ament_index/resource_index/parent_prefix_path/nav2_sms_behavior
[10.000s] -- Symlinking: /home/jun/ros2_ws/install/nav2_sms_behavior/share/nav2_sms_behavior/environment/ament_prefix_path.sh
[10.010s] -- Symlinking: /home/jun/ros2_ws/install/nav2_sms_behavior/share/nav2_sms_behavior/environment/ament_prefix_path.dsv
[10.020s] -- Symlinking: /home/jun/ros2_ws/install/nav2_sms_behavior/share/nav2_sms_behavior/environment/path.sh
[10.032s] -- Symlinking: /home/jun/ros2_ws/install/nav2_sms_behavior/share/nav2_sms_behavior/environment/path.dsv
[10.042s] -- Symlinking: /home/jun/ros2_ws/install/nav2_sms_behavior/share/nav2_sms_behavior/local_setup.bash
[10.052s] -- Symlinking: /home/jun/ros2_ws/install/nav2_sms_behavior/share/nav2_sms_behavior/local_setup.sh
[10.061s] -- Symlinking: /home/jun/ros2_ws/install/nav2_sms_behavior/share/nav2_sms_behavior/local_setup.zsh
[10.073s] -- Symlinking: /home/jun/ros2_ws/install/nav2_sms_behavior/share/nav2_sms_behavior/local_setup.dsv
[10.084s] -- Symlinking: /home/jun/ros2_ws/install/nav2_sms_behavior/share/nav2_sms_behavior/package.dsv
[10.094s] -- Symlinking: /home/jun/ros2_ws/install/nav2_sms_behavior/share/ament_index/resource_index/packages/nav2_sms_behavior
[10.106s] -- Symlinking: /home/jun/ros2_ws/install/nav2_sms_behavior/share/ament_index/resource_index/nav2_core__pluginlib__plugin/nav2_sms_behavior
[10.117s] -- Symlinking: /home/jun/ros2_ws/install/nav2_sms_behavior/share/nav2_sms_behavior/cmake/rosidl_cmake-extras.cmake
[10.126s] -- Symlinking: /home/jun/ros2_ws/install/nav2_sms_behavior/share/nav2_sms_behavior/cmake/ament_cmake_export_dependencies-extras.cmake
[10.137s] -- Symlinking: /home/jun/ros2_ws/install/nav2_sms_behavior/share/nav2_sms_behavior/cmake/ament_cmake_export_include_directories-extras.cmake
[10.148s] -- Symlinking: /home/jun/ros2_ws/install/nav2_sms_behavior/share/nav2_sms_behavior/cmake/ament_cmake_export_libraries-extras.cmake
[10.158s] -- Symlinking: /home/jun/ros2_ws/install/nav2_sms_behavior/share/nav2_sms_behavior/cmake/ament_cmake_export_targets-extras.cmake
[10.169s] -- Symlinking: /home/jun/ros2_ws/install/nav2_sms_behavior/share/nav2_sms_behavior/cmake/rosidl_cmake_export_typesupport_targets-extras.cmake
[10.179s] -- Symlinking: /home/jun/ros2_ws/install/nav2_sms_behavior/share/nav2_sms_behavior/cmake/rosidl_cmake_export_typesupport_libraries-extras.cmake
[10.189s] -- Symlinking: /home/jun/ros2_ws/install/nav2_sms_behavior/share/nav2_sms_behavior/cmake/nav2_sms_behaviorConfig.cmake
[10.199s] -- Symlinking: /home/jun/ros2_ws/install/nav2_sms_behavior/share/nav2_sms_behavior/cmake/nav2_sms_behaviorConfig-version.cmake
[10.210s] -- Symlinking: /home/jun/ros2_ws/install/nav2_sms_behavior/share/nav2_sms_behavior/package.xml
[10.218s] -- Installing: /home/jun/ros2_ws/install/nav2_sms_behavior/lib/libnav2_sms_behavior__rosidl_generator_c.so
[10.219s] -- Set runtime path of "/home/jun/ros2_ws/install/nav2_sms_behavior/lib/libnav2_sms_behavior__rosidl_generator_c.so" to ""
[10.219s] -- Installing: /home/jun/ros2_ws/install/nav2_sms_behavior/lib/libnav2_sms_behavior__rosidl_typesupport_fastrtps_c.so
[10.219s] -- Set runtime path of "/home/jun/ros2_ws/install/nav2_sms_behavior/lib/libnav2_sms_behavior__rosidl_typesupport_fastrtps_c.so" to ""
[10.219s] -- Installing: /home/jun/ros2_ws/install/nav2_sms_behavior/lib/libnav2_sms_behavior__rosidl_typesupport_fastrtps_cpp.so
[10.219s] -- Set runtime path of "/home/jun/ros2_ws/install/nav2_sms_behavior/lib/libnav2_sms_behavior__rosidl_typesupport_fastrtps_cpp.so" to ""
[10.219s] -- Installing: /home/jun/ros2_ws/install/nav2_sms_behavior/lib/libnav2_sms_behavior__rosidl_typesupport_introspection_c.so
[10.220s] -- Set runtime path of "/home/jun/ros2_ws/install/nav2_sms_behavior/lib/libnav2_sms_behavior__rosidl_typesupport_introspection_c.so" to ""
[10.220s] -- Installing: /home/jun/ros2_ws/install/nav2_sms_behavior/lib/libnav2_sms_behavior__rosidl_typesupport_c.so
[10.220s] -- Set runtime path of "/home/jun/ros2_ws/install/nav2_sms_behavior/lib/libnav2_sms_behavior__rosidl_typesupport_c.so" to ""
[10.220s] -- Installing: /home/jun/ros2_ws/install/nav2_sms_behavior/lib/libnav2_sms_behavior__rosidl_typesupport_introspection_cpp.so
[10.220s] -- Set runtime path of "/home/jun/ros2_ws/install/nav2_sms_behavior/lib/libnav2_sms_behavior__rosidl_typesupport_introspection_cpp.so" to ""
[10.220s] -- Installing: /home/jun/ros2_ws/install/nav2_sms_behavior/lib/libnav2_sms_behavior__rosidl_typesupport_cpp.so
[10.221s] -- Set runtime path of "/home/jun/ros2_ws/install/nav2_sms_behavior/lib/libnav2_sms_behavior__rosidl_typesupport_cpp.so" to ""
[10.259s] Listing '/home/jun/ros2_ws/install/nav2_sms_behavior/local/lib/python3.10/dist-packages/nav2_sms_behavior'...
[10.260s] Compiling '/home/jun/ros2_ws/install/nav2_sms_behavior/local/lib/python3.10/dist-packages/nav2_sms_behavior/__init__.py'...
[10.260s] Listing '/home/jun/ros2_ws/install/nav2_sms_behavior/local/lib/python3.10/dist-packages/nav2_sms_behavior/action'...
[10.260s] Compiling '/home/jun/ros2_ws/install/nav2_sms_behavior/local/lib/python3.10/dist-packages/nav2_sms_behavior/action/__init__.py'...
[10.260s] Compiling '/home/jun/ros2_ws/install/nav2_sms_behavior/local/lib/python3.10/dist-packages/nav2_sms_behavior/action/_send_sms.py'...
[10.263s] -- Installing: /home/jun/ros2_ws/install/nav2_sms_behavior/lib/libnav2_sms_behavior__rosidl_generator_py.so
[10.264s] -- Set runtime path of "/home/jun/ros2_ws/install/nav2_sms_behavior/lib/libnav2_sms_behavior__rosidl_generator_py.so" to ""
[10.264s] -- Installing: /home/jun/ros2_ws/install/nav2_sms_behavior/share/nav2_sms_behavior/cmake/export_nav2_sms_behavior__rosidl_generator_cExport.cmake
[10.264s] -- Installing: /home/jun/ros2_ws/install/nav2_sms_behavior/share/nav2_sms_behavior/cmake/export_nav2_sms_behavior__rosidl_generator_cExport-noconfig.cmake
[10.264s] -- Installing: /home/jun/ros2_ws/install/nav2_sms_behavior/share/nav2_sms_behavior/cmake/export_nav2_sms_behavior__rosidl_typesupport_fastrtps_cExport.cmake
[10.264s] -- Installing: /home/jun/ros2_ws/install/nav2_sms_behavior/share/nav2_sms_behavior/cmake/export_nav2_sms_behavior__rosidl_typesupport_fastrtps_cExport-noconfig.cmake
[10.264s] -- Installing: /home/jun/ros2_ws/install/nav2_sms_behavior/share/nav2_sms_behavior/cmake/export_nav2_sms_behavior__rosidl_generator_cppExport.cmake
[10.264s] -- Installing: /home/jun/ros2_ws/install/nav2_sms_behavior/share/nav2_sms_behavior/cmake/export_nav2_sms_behavior__rosidl_typesupport_fastrtps_cppExport.cmake
[10.264s] -- Installing: /home/jun/ros2_ws/install/nav2_sms_behavior/share/nav2_sms_behavior/cmake/export_nav2_sms_behavior__rosidl_typesupport_fastrtps_cppExport-noconfig.cmake
[10.264s] -- Installing: /home/jun/ros2_ws/install/nav2_sms_behavior/share/nav2_sms_behavior/cmake/nav2_sms_behavior__rosidl_typesupport_introspection_cExport.cmake
[10.265s] -- Installing: /home/jun/ros2_ws/install/nav2_sms_behavior/share/nav2_sms_behavior/cmake/nav2_sms_behavior__rosidl_typesupport_introspection_cExport-noconfig.cmake
[10.265s] -- Installing: /home/jun/ros2_ws/install/nav2_sms_behavior/share/nav2_sms_behavior/cmake/nav2_sms_behavior__rosidl_typesupport_cExport.cmake
[10.265s] -- Installing: /home/jun/ros2_ws/install/nav2_sms_behavior/share/nav2_sms_behavior/cmake/nav2_sms_behavior__rosidl_typesupport_cExport-noconfig.cmake
[10.265s] -- Installing: /home/jun/ros2_ws/install/nav2_sms_behavior/share/nav2_sms_behavior/cmake/nav2_sms_behavior__rosidl_typesupport_introspection_cppExport.cmake
[10.265s] -- Installing: /home/jun/ros2_ws/install/nav2_sms_behavior/share/nav2_sms_behavior/cmake/nav2_sms_behavior__rosidl_typesupport_introspection_cppExport-noconfig.cmake
[10.265s] -- Installing: /home/jun/ros2_ws/install/nav2_sms_behavior/share/nav2_sms_behavior/cmake/nav2_sms_behavior__rosidl_typesupport_cppExport.cmake
[10.265s] -- Installing: /home/jun/ros2_ws/install/nav2_sms_behavior/share/nav2_sms_behavior/cmake/nav2_sms_behavior__rosidl_typesupport_cppExport-noconfig.cmake
[10.265s] -- Installing: /home/jun/ros2_ws/install/nav2_sms_behavior/share/nav2_sms_behavior/cmake/export_nav2_sms_behavior__rosidl_generator_pyExport.cmake
[10.265s] -- Installing: /home/jun/ros2_ws/install/nav2_sms_behavior/share/nav2_sms_behavior/cmake/export_nav2_sms_behavior__rosidl_generator_pyExport-noconfig.cmake
[10.268s] Invoked command in '/home/jun/ros2_ws/build/nav2_sms_behavior' returned '0': CMAKE_PREFIX_PATH=${CMAKE_PREFIX_PATH}:/home/jun/lane_tracking_ws/install/lane_tracking:/home/jun/nav2_ws/install/nav2_simple_commander:/opt/ros/humble /usr/bin/cmake --install /home/jun/ros2_ws/build/nav2_sms_behavior
