[0.071s] DEBUG:colcon:Command line arguments: ['/usr/bin/colcon', 'list', '-p', '--base-paths', '/home/jun/capstone2_ws/src/Capstone-Design-Team2']
[0.071s] DEBUG:colcon:Parsed command line arguments: Namespace(log_base=None, log_level=None, verb_name='list', build_base='build', ignore_user_meta=False, metas=['./colcon.meta'], base_paths=['/home/jun/capstone2_ws/src/Capstone-Design-Team2'], packages_ignore=None, packages_ignore_regex=None, paths=None, packages_up_to=None, packages_up_to_regex=None, packages_above=None, packages_above_and_dependencies=None, packages_above_depth=None, packages_select_by_dep=None, packages_skip_by_dep=None, packages_skip_up_to=None, packages_select_build_failed=False, packages_skip_build_finished=False, packages_select_test_failures=False, packages_skip_test_passed=False, packages_select=None, packages_skip=None, packages_select_regex=None, packages_skip_regex=None, packages_start=None, packages_end=None, allow_overriding=[], topological_order=False, names_only=False, paths_only=True, topological_graph=False, topological_graph_dot=False, topological_graph_density=False, topological_graph_legend=False, topological_graph_dot_cluster=False, topological_graph_dot_include_skipped=False, mixin_files=None, mixin=None, verb_parser=<colcon_mixin.mixin.mixin_argument.MixinArgumentDecorator object at 0x7d1cce44c7c0>, verb_extension=<colcon_package_information.verb.list.ListVerb object at 0x7d1cce407310>, main=<bound method ListVerb.main of <colcon_package_information.verb.list.ListVerb object at 0x7d1cce407310>>, mixin_verb=('list',))
[0.181s] Level 1:colcon.colcon_core.package_discovery:discover_packages(colcon_meta) check parameters
[0.182s] Level 1:colcon.colcon_core.package_discovery:discover_packages(recursive) check parameters
[0.182s] Level 1:colcon.colcon_core.package_discovery:discover_packages(ignore) check parameters
[0.182s] Level 1:colcon.colcon_core.package_discovery:discover_packages(path) check parameters
[0.182s] Level 1:colcon.colcon_core.package_discovery:discover_packages(recursive) discover
[0.182s] INFO:colcon.colcon_core.package_discovery:Crawling recursively for packages in '/home/jun/capstone2_ws/src/Capstone-Design-Team2'
[0.182s] Level 1:colcon.colcon_core.package_identification:_identify(/home/jun/capstone2_ws/src/Capstone-Design-Team2) by extensions ['ignore', 'ignore_ament_install']
[0.182s] Level 1:colcon.colcon_core.package_identification:_identify(/home/jun/capstone2_ws/src/Capstone-Design-Team2) by extension 'ignore'
[0.182s] Level 1:colcon.colcon_core.package_identification:_identify(/home/jun/capstone2_ws/src/Capstone-Design-Team2) by extension 'ignore_ament_install'
[0.182s] Level 1:colcon.colcon_core.package_identification:_identify(/home/jun/capstone2_ws/src/Capstone-Design-Team2) by extensions ['colcon_pkg']
[0.182s] Level 1:colcon.colcon_core.package_identification:_identify(/home/jun/capstone2_ws/src/Capstone-Design-Team2) by extension 'colcon_pkg'
[0.182s] Level 1:colcon.colcon_core.package_identification:_identify(/home/jun/capstone2_ws/src/Capstone-Design-Team2) by extensions ['colcon_meta']
[0.182s] Level 1:colcon.colcon_core.package_identification:_identify(/home/jun/capstone2_ws/src/Capstone-Design-Team2) by extension 'colcon_meta'
[0.182s] Level 1:colcon.colcon_core.package_identification:_identify(/home/jun/capstone2_ws/src/Capstone-Design-Team2) by extensions ['ros']
[0.182s] Level 1:colcon.colcon_core.package_identification:_identify(/home/jun/capstone2_ws/src/Capstone-Design-Team2) by extension 'ros'
[0.190s] Level 1:colcon.colcon_core.package_identification:_identify(/home/jun/capstone2_ws/src/Capstone-Design-Team2) by extensions ['cmake', 'python']
[0.190s] Level 1:colcon.colcon_core.package_identification:_identify(/home/jun/capstone2_ws/src/Capstone-Design-Team2) by extension 'cmake'
[0.190s] Level 1:colcon.colcon_core.package_identification:_identify(/home/jun/capstone2_ws/src/Capstone-Design-Team2) by extension 'python'
[0.190s] Level 1:colcon.colcon_core.package_identification:_identify(/home/jun/capstone2_ws/src/Capstone-Design-Team2) by extensions ['python_setup_py']
[0.190s] Level 1:colcon.colcon_core.package_identification:_identify(/home/jun/capstone2_ws/src/Capstone-Design-Team2) by extension 'python_setup_py'
[0.191s] Level 1:colcon.colcon_core.package_identification:_identify(/home/jun/capstone2_ws/src/Capstone-Design-Team2/log) by extensions ['ignore', 'ignore_ament_install']
[0.191s] Level 1:colcon.colcon_core.package_identification:_identify(/home/jun/capstone2_ws/src/Capstone-Design-Team2/log) by extension 'ignore'
[0.191s] Level 1:colcon.colcon_core.package_identification:_identify(/home/jun/capstone2_ws/src/Capstone-Design-Team2/log) ignored
[0.191s] Level 1:colcon.colcon_core.package_identification:_identify(/home/jun/capstone2_ws/src/Capstone-Design-Team2/src) by extensions ['ignore', 'ignore_ament_install']
[0.191s] Level 1:colcon.colcon_core.package_identification:_identify(/home/jun/capstone2_ws/src/Capstone-Design-Team2/src) by extension 'ignore'
[0.191s] Level 1:colcon.colcon_core.package_identification:_identify(/home/jun/capstone2_ws/src/Capstone-Design-Team2/src) by extension 'ignore_ament_install'
[0.191s] Level 1:colcon.colcon_core.package_identification:_identify(/home/jun/capstone2_ws/src/Capstone-Design-Team2/src) by extensions ['colcon_pkg']
[0.191s] Level 1:colcon.colcon_core.package_identification:_identify(/home/jun/capstone2_ws/src/Capstone-Design-Team2/src) by extension 'colcon_pkg'
[0.191s] Level 1:colcon.colcon_core.package_identification:_identify(/home/jun/capstone2_ws/src/Capstone-Design-Team2/src) by extensions ['colcon_meta']
[0.191s] Level 1:colcon.colcon_core.package_identification:_identify(/home/jun/capstone2_ws/src/Capstone-Design-Team2/src) by extension 'colcon_meta'
[0.191s] Level 1:colcon.colcon_core.package_identification:_identify(/home/jun/capstone2_ws/src/Capstone-Design-Team2/src) by extensions ['ros']
[0.191s] Level 1:colcon.colcon_core.package_identification:_identify(/home/jun/capstone2_ws/src/Capstone-Design-Team2/src) by extension 'ros'
[0.191s] Level 1:colcon.colcon_core.package_identification:_identify(/home/jun/capstone2_ws/src/Capstone-Design-Team2/src) by extensions ['cmake', 'python']
[0.191s] Level 1:colcon.colcon_core.package_identification:_identify(/home/jun/capstone2_ws/src/Capstone-Design-Team2/src) by extension 'cmake'
[0.191s] Level 1:colcon.colcon_core.package_identification:_identify(/home/jun/capstone2_ws/src/Capstone-Design-Team2/src) by extension 'python'
[0.191s] Level 1:colcon.colcon_core.package_identification:_identify(/home/jun/capstone2_ws/src/Capstone-Design-Team2/src) by extensions ['python_setup_py']
[0.191s] Level 1:colcon.colcon_core.package_identification:_identify(/home/jun/capstone2_ws/src/Capstone-Design-Team2/src) by extension 'python_setup_py'
[0.191s] Level 1:colcon.colcon_core.package_identification:_identify(/home/jun/capstone2_ws/src/Capstone-Design-Team2/src/sensor_bringup) by extensions ['ignore', 'ignore_ament_install']
[0.191s] Level 1:colcon.colcon_core.package_identification:_identify(/home/jun/capstone2_ws/src/Capstone-Design-Team2/src/sensor_bringup) by extension 'ignore'
[0.191s] Level 1:colcon.colcon_core.package_identification:_identify(/home/jun/capstone2_ws/src/Capstone-Design-Team2/src/sensor_bringup) by extension 'ignore_ament_install'
[0.191s] Level 1:colcon.colcon_core.package_identification:_identify(/home/jun/capstone2_ws/src/Capstone-Design-Team2/src/sensor_bringup) by extensions ['colcon_pkg']
[0.191s] Level 1:colcon.colcon_core.package_identification:_identify(/home/jun/capstone2_ws/src/Capstone-Design-Team2/src/sensor_bringup) by extension 'colcon_pkg'
[0.191s] Level 1:colcon.colcon_core.package_identification:_identify(/home/jun/capstone2_ws/src/Capstone-Design-Team2/src/sensor_bringup) by extensions ['colcon_meta']
[0.191s] Level 1:colcon.colcon_core.package_identification:_identify(/home/jun/capstone2_ws/src/Capstone-Design-Team2/src/sensor_bringup) by extension 'colcon_meta'
[0.191s] Level 1:colcon.colcon_core.package_identification:_identify(/home/jun/capstone2_ws/src/Capstone-Design-Team2/src/sensor_bringup) by extensions ['ros']
[0.191s] Level 1:colcon.colcon_core.package_identification:_identify(/home/jun/capstone2_ws/src/Capstone-Design-Team2/src/sensor_bringup) by extension 'ros'
[0.193s] DEBUG:colcon.colcon_core.package_identification:Package '/home/jun/capstone2_ws/src/Capstone-Design-Team2/src/sensor_bringup' with type 'ros.ament_python' and name 'sensor_drivers'
[0.193s] Level 1:colcon.colcon_core.package_identification:_identify(/home/jun/capstone2_ws/src/Capstone-Design-Team2/src/sensor_drivers) by extensions ['ignore', 'ignore_ament_install']
[0.193s] Level 1:colcon.colcon_core.package_identification:_identify(/home/jun/capstone2_ws/src/Capstone-Design-Team2/src/sensor_drivers) by extension 'ignore'
[0.193s] Level 1:colcon.colcon_core.package_identification:_identify(/home/jun/capstone2_ws/src/Capstone-Design-Team2/src/sensor_drivers) by extension 'ignore_ament_install'
[0.193s] Level 1:colcon.colcon_core.package_identification:_identify(/home/jun/capstone2_ws/src/Capstone-Design-Team2/src/sensor_drivers) by extensions ['colcon_pkg']
[0.193s] Level 1:colcon.colcon_core.package_identification:_identify(/home/jun/capstone2_ws/src/Capstone-Design-Team2/src/sensor_drivers) by extension 'colcon_pkg'
[0.193s] Level 1:colcon.colcon_core.package_identification:_identify(/home/jun/capstone2_ws/src/Capstone-Design-Team2/src/sensor_drivers) by extensions ['colcon_meta']
[0.193s] Level 1:colcon.colcon_core.package_identification:_identify(/home/jun/capstone2_ws/src/Capstone-Design-Team2/src/sensor_drivers) by extension 'colcon_meta'
[0.193s] Level 1:colcon.colcon_core.package_identification:_identify(/home/jun/capstone2_ws/src/Capstone-Design-Team2/src/sensor_drivers) by extensions ['ros']
[0.193s] Level 1:colcon.colcon_core.package_identification:_identify(/home/jun/capstone2_ws/src/Capstone-Design-Team2/src/sensor_drivers) by extension 'ros'
[0.193s] Level 1:colcon.colcon_core.package_identification:_identify(/home/jun/capstone2_ws/src/Capstone-Design-Team2/src/sensor_drivers) by extensions ['cmake', 'python']
[0.193s] Level 1:colcon.colcon_core.package_identification:_identify(/home/jun/capstone2_ws/src/Capstone-Design-Team2/src/sensor_drivers) by extension 'cmake'
[0.193s] Level 1:colcon.colcon_core.package_identification:_identify(/home/jun/capstone2_ws/src/Capstone-Design-Team2/src/sensor_drivers) by extension 'python'
[0.193s] Level 1:colcon.colcon_core.package_identification:_identify(/home/jun/capstone2_ws/src/Capstone-Design-Team2/src/sensor_drivers) by extensions ['python_setup_py']
[0.193s] Level 1:colcon.colcon_core.package_identification:_identify(/home/jun/capstone2_ws/src/Capstone-Design-Team2/src/sensor_drivers) by extension 'python_setup_py'
[0.194s] Level 1:colcon.colcon_core.package_identification:_identify(/home/jun/capstone2_ws/src/Capstone-Design-Team2/src/sensor_drivers/iahrs_driver) by extensions ['ignore', 'ignore_ament_install']
[0.194s] Level 1:colcon.colcon_core.package_identification:_identify(/home/jun/capstone2_ws/src/Capstone-Design-Team2/src/sensor_drivers/iahrs_driver) by extension 'ignore'
[0.194s] Level 1:colcon.colcon_core.package_identification:_identify(/home/jun/capstone2_ws/src/Capstone-Design-Team2/src/sensor_drivers/iahrs_driver) by extension 'ignore_ament_install'
[0.194s] Level 1:colcon.colcon_core.package_identification:_identify(/home/jun/capstone2_ws/src/Capstone-Design-Team2/src/sensor_drivers/iahrs_driver) by extensions ['colcon_pkg']
[0.194s] Level 1:colcon.colcon_core.package_identification:_identify(/home/jun/capstone2_ws/src/Capstone-Design-Team2/src/sensor_drivers/iahrs_driver) by extension 'colcon_pkg'
[0.194s] Level 1:colcon.colcon_core.package_identification:_identify(/home/jun/capstone2_ws/src/Capstone-Design-Team2/src/sensor_drivers/iahrs_driver) by extensions ['colcon_meta']
[0.194s] Level 1:colcon.colcon_core.package_identification:_identify(/home/jun/capstone2_ws/src/Capstone-Design-Team2/src/sensor_drivers/iahrs_driver) by extension 'colcon_meta'
[0.194s] Level 1:colcon.colcon_core.package_identification:_identify(/home/jun/capstone2_ws/src/Capstone-Design-Team2/src/sensor_drivers/iahrs_driver) by extensions ['ros']
[0.194s] Level 1:colcon.colcon_core.package_identification:_identify(/home/jun/capstone2_ws/src/Capstone-Design-Team2/src/sensor_drivers/iahrs_driver) by extension 'ros'
[0.194s] DEBUG:colcon.colcon_core.package_identification:Package '/home/jun/capstone2_ws/src/Capstone-Design-Team2/src/sensor_drivers/iahrs_driver' with type 'ros.ament_python' and name 'iahrs_driver'
[0.194s] Level 1:colcon.colcon_core.package_identification:_identify(/home/jun/capstone2_ws/src/Capstone-Design-Team2/src/sensor_drivers/iahrs_driver_interface) by extensions ['ignore', 'ignore_ament_install']
[0.195s] Level 1:colcon.colcon_core.package_identification:_identify(/home/jun/capstone2_ws/src/Capstone-Design-Team2/src/sensor_drivers/iahrs_driver_interface) by extension 'ignore'
[0.195s] Level 1:colcon.colcon_core.package_identification:_identify(/home/jun/capstone2_ws/src/Capstone-Design-Team2/src/sensor_drivers/iahrs_driver_interface) by extension 'ignore_ament_install'
[0.195s] Level 1:colcon.colcon_core.package_identification:_identify(/home/jun/capstone2_ws/src/Capstone-Design-Team2/src/sensor_drivers/iahrs_driver_interface) by extensions ['colcon_pkg']
[0.195s] Level 1:colcon.colcon_core.package_identification:_identify(/home/jun/capstone2_ws/src/Capstone-Design-Team2/src/sensor_drivers/iahrs_driver_interface) by extension 'colcon_pkg'
[0.195s] Level 1:colcon.colcon_core.package_identification:_identify(/home/jun/capstone2_ws/src/Capstone-Design-Team2/src/sensor_drivers/iahrs_driver_interface) by extensions ['colcon_meta']
[0.195s] Level 1:colcon.colcon_core.package_identification:_identify(/home/jun/capstone2_ws/src/Capstone-Design-Team2/src/sensor_drivers/iahrs_driver_interface) by extension 'colcon_meta'
[0.195s] Level 1:colcon.colcon_core.package_identification:_identify(/home/jun/capstone2_ws/src/Capstone-Design-Team2/src/sensor_drivers/iahrs_driver_interface) by extensions ['ros']
[0.195s] Level 1:colcon.colcon_core.package_identification:_identify(/home/jun/capstone2_ws/src/Capstone-Design-Team2/src/sensor_drivers/iahrs_driver_interface) by extension 'ros'
[0.195s] DEBUG:colcon.colcon_core.package_identification:Package '/home/jun/capstone2_ws/src/Capstone-Design-Team2/src/sensor_drivers/iahrs_driver_interface' with type 'ros.ament_cmake' and name 'iahrs_driver_interface'
[0.195s] Level 1:colcon.colcon_core.package_identification:_identify(/home/jun/capstone2_ws/src/Capstone-Design-Team2/src/sensor_drivers/ntrip_client-ros2) by extensions ['ignore', 'ignore_ament_install']
[0.195s] Level 1:colcon.colcon_core.package_identification:_identify(/home/jun/capstone2_ws/src/Capstone-Design-Team2/src/sensor_drivers/ntrip_client-ros2) by extension 'ignore'
[0.195s] Level 1:colcon.colcon_core.package_identification:_identify(/home/jun/capstone2_ws/src/Capstone-Design-Team2/src/sensor_drivers/ntrip_client-ros2) by extension 'ignore_ament_install'
[0.195s] Level 1:colcon.colcon_core.package_identification:_identify(/home/jun/capstone2_ws/src/Capstone-Design-Team2/src/sensor_drivers/ntrip_client-ros2) by extensions ['colcon_pkg']
[0.195s] Level 1:colcon.colcon_core.package_identification:_identify(/home/jun/capstone2_ws/src/Capstone-Design-Team2/src/sensor_drivers/ntrip_client-ros2) by extension 'colcon_pkg'
[0.195s] Level 1:colcon.colcon_core.package_identification:_identify(/home/jun/capstone2_ws/src/Capstone-Design-Team2/src/sensor_drivers/ntrip_client-ros2) by extensions ['colcon_meta']
[0.195s] Level 1:colcon.colcon_core.package_identification:_identify(/home/jun/capstone2_ws/src/Capstone-Design-Team2/src/sensor_drivers/ntrip_client-ros2) by extension 'colcon_meta'
[0.195s] Level 1:colcon.colcon_core.package_identification:_identify(/home/jun/capstone2_ws/src/Capstone-Design-Team2/src/sensor_drivers/ntrip_client-ros2) by extensions ['ros']
[0.195s] Level 1:colcon.colcon_core.package_identification:_identify(/home/jun/capstone2_ws/src/Capstone-Design-Team2/src/sensor_drivers/ntrip_client-ros2) by extension 'ros'
[0.196s] DEBUG:colcon.colcon_core.package_identification:Package '/home/jun/capstone2_ws/src/Capstone-Design-Team2/src/sensor_drivers/ntrip_client-ros2' with type 'ros.ament_python' and name 'ntrip_client'
[0.196s] Level 1:colcon.colcon_core.package_identification:_identify(/home/jun/capstone2_ws/src/Capstone-Design-Team2/src/sensor_drivers/ublox-ros2) by extensions ['ignore', 'ignore_ament_install']
[0.196s] Level 1:colcon.colcon_core.package_identification:_identify(/home/jun/capstone2_ws/src/Capstone-Design-Team2/src/sensor_drivers/ublox-ros2) by extension 'ignore'
[0.196s] Level 1:colcon.colcon_core.package_identification:_identify(/home/jun/capstone2_ws/src/Capstone-Design-Team2/src/sensor_drivers/ublox-ros2) by extension 'ignore_ament_install'
[0.196s] Level 1:colcon.colcon_core.package_identification:_identify(/home/jun/capstone2_ws/src/Capstone-Design-Team2/src/sensor_drivers/ublox-ros2) by extensions ['colcon_pkg']
[0.196s] Level 1:colcon.colcon_core.package_identification:_identify(/home/jun/capstone2_ws/src/Capstone-Design-Team2/src/sensor_drivers/ublox-ros2) by extension 'colcon_pkg'
[0.196s] Level 1:colcon.colcon_core.package_identification:_identify(/home/jun/capstone2_ws/src/Capstone-Design-Team2/src/sensor_drivers/ublox-ros2) by extensions ['colcon_meta']
[0.196s] Level 1:colcon.colcon_core.package_identification:_identify(/home/jun/capstone2_ws/src/Capstone-Design-Team2/src/sensor_drivers/ublox-ros2) by extension 'colcon_meta'
[0.196s] Level 1:colcon.colcon_core.package_identification:_identify(/home/jun/capstone2_ws/src/Capstone-Design-Team2/src/sensor_drivers/ublox-ros2) by extensions ['ros']
[0.196s] Level 1:colcon.colcon_core.package_identification:_identify(/home/jun/capstone2_ws/src/Capstone-Design-Team2/src/sensor_drivers/ublox-ros2) by extension 'ros'
[0.196s] Level 1:colcon.colcon_core.package_identification:_identify(/home/jun/capstone2_ws/src/Capstone-Design-Team2/src/sensor_drivers/ublox-ros2) by extensions ['cmake', 'python']
[0.196s] Level 1:colcon.colcon_core.package_identification:_identify(/home/jun/capstone2_ws/src/Capstone-Design-Team2/src/sensor_drivers/ublox-ros2) by extension 'cmake'
[0.196s] Level 1:colcon.colcon_core.package_identification:_identify(/home/jun/capstone2_ws/src/Capstone-Design-Team2/src/sensor_drivers/ublox-ros2) by extension 'python'
[0.196s] Level 1:colcon.colcon_core.package_identification:_identify(/home/jun/capstone2_ws/src/Capstone-Design-Team2/src/sensor_drivers/ublox-ros2) by extensions ['python_setup_py']
[0.196s] Level 1:colcon.colcon_core.package_identification:_identify(/home/jun/capstone2_ws/src/Capstone-Design-Team2/src/sensor_drivers/ublox-ros2) by extension 'python_setup_py'
[0.196s] Level 1:colcon.colcon_core.package_identification:_identify(/home/jun/capstone2_ws/src/Capstone-Design-Team2/src/sensor_drivers/ublox-ros2/ublox) by extensions ['ignore', 'ignore_ament_install']
[0.196s] Level 1:colcon.colcon_core.package_identification:_identify(/home/jun/capstone2_ws/src/Capstone-Design-Team2/src/sensor_drivers/ublox-ros2/ublox) by extension 'ignore'
[0.196s] Level 1:colcon.colcon_core.package_identification:_identify(/home/jun/capstone2_ws/src/Capstone-Design-Team2/src/sensor_drivers/ublox-ros2/ublox) by extension 'ignore_ament_install'
[0.196s] Level 1:colcon.colcon_core.package_identification:_identify(/home/jun/capstone2_ws/src/Capstone-Design-Team2/src/sensor_drivers/ublox-ros2/ublox) by extensions ['colcon_pkg']
[0.196s] Level 1:colcon.colcon_core.package_identification:_identify(/home/jun/capstone2_ws/src/Capstone-Design-Team2/src/sensor_drivers/ublox-ros2/ublox) by extension 'colcon_pkg'
[0.196s] Level 1:colcon.colcon_core.package_identification:_identify(/home/jun/capstone2_ws/src/Capstone-Design-Team2/src/sensor_drivers/ublox-ros2/ublox) by extensions ['colcon_meta']
[0.196s] Level 1:colcon.colcon_core.package_identification:_identify(/home/jun/capstone2_ws/src/Capstone-Design-Team2/src/sensor_drivers/ublox-ros2/ublox) by extension 'colcon_meta'
[0.196s] Level 1:colcon.colcon_core.package_identification:_identify(/home/jun/capstone2_ws/src/Capstone-Design-Team2/src/sensor_drivers/ublox-ros2/ublox) by extensions ['ros']
[0.196s] Level 1:colcon.colcon_core.package_identification:_identify(/home/jun/capstone2_ws/src/Capstone-Design-Team2/src/sensor_drivers/ublox-ros2/ublox) by extension 'ros'
[0.197s] DEBUG:colcon.colcon_core.package_identification:Package '/home/jun/capstone2_ws/src/Capstone-Design-Team2/src/sensor_drivers/ublox-ros2/ublox' with type 'ros.ament_cmake' and name 'ublox'
[0.197s] Level 1:colcon.colcon_core.package_identification:_identify(/home/jun/capstone2_ws/src/Capstone-Design-Team2/src/sensor_drivers/ublox-ros2/ublox_gps) by extensions ['ignore', 'ignore_ament_install']
[0.197s] Level 1:colcon.colcon_core.package_identification:_identify(/home/jun/capstone2_ws/src/Capstone-Design-Team2/src/sensor_drivers/ublox-ros2/ublox_gps) by extension 'ignore'
[0.197s] Level 1:colcon.colcon_core.package_identification:_identify(/home/jun/capstone2_ws/src/Capstone-Design-Team2/src/sensor_drivers/ublox-ros2/ublox_gps) by extension 'ignore_ament_install'
[0.197s] Level 1:colcon.colcon_core.package_identification:_identify(/home/jun/capstone2_ws/src/Capstone-Design-Team2/src/sensor_drivers/ublox-ros2/ublox_gps) by extensions ['colcon_pkg']
[0.197s] Level 1:colcon.colcon_core.package_identification:_identify(/home/jun/capstone2_ws/src/Capstone-Design-Team2/src/sensor_drivers/ublox-ros2/ublox_gps) by extension 'colcon_pkg'
[0.197s] Level 1:colcon.colcon_core.package_identification:_identify(/home/jun/capstone2_ws/src/Capstone-Design-Team2/src/sensor_drivers/ublox-ros2/ublox_gps) by extensions ['colcon_meta']
[0.197s] Level 1:colcon.colcon_core.package_identification:_identify(/home/jun/capstone2_ws/src/Capstone-Design-Team2/src/sensor_drivers/ublox-ros2/ublox_gps) by extension 'colcon_meta'
[0.197s] Level 1:colcon.colcon_core.package_identification:_identify(/home/jun/capstone2_ws/src/Capstone-Design-Team2/src/sensor_drivers/ublox-ros2/ublox_gps) by extensions ['ros']
[0.197s] Level 1:colcon.colcon_core.package_identification:_identify(/home/jun/capstone2_ws/src/Capstone-Design-Team2/src/sensor_drivers/ublox-ros2/ublox_gps) by extension 'ros'
[0.198s] DEBUG:colcon.colcon_core.package_identification:Package '/home/jun/capstone2_ws/src/Capstone-Design-Team2/src/sensor_drivers/ublox-ros2/ublox_gps' with type 'ros.ament_cmake' and name 'ublox_gps'
[0.198s] Level 1:colcon.colcon_core.package_identification:_identify(/home/jun/capstone2_ws/src/Capstone-Design-Team2/src/sensor_drivers/ublox-ros2/ublox_msgs) by extensions ['ignore', 'ignore_ament_install']
[0.198s] Level 1:colcon.colcon_core.package_identification:_identify(/home/jun/capstone2_ws/src/Capstone-Design-Team2/src/sensor_drivers/ublox-ros2/ublox_msgs) by extension 'ignore'
[0.198s] Level 1:colcon.colcon_core.package_identification:_identify(/home/jun/capstone2_ws/src/Capstone-Design-Team2/src/sensor_drivers/ublox-ros2/ublox_msgs) by extension 'ignore_ament_install'
[0.198s] Level 1:colcon.colcon_core.package_identification:_identify(/home/jun/capstone2_ws/src/Capstone-Design-Team2/src/sensor_drivers/ublox-ros2/ublox_msgs) by extensions ['colcon_pkg']
[0.198s] Level 1:colcon.colcon_core.package_identification:_identify(/home/jun/capstone2_ws/src/Capstone-Design-Team2/src/sensor_drivers/ublox-ros2/ublox_msgs) by extension 'colcon_pkg'
[0.198s] Level 1:colcon.colcon_core.package_identification:_identify(/home/jun/capstone2_ws/src/Capstone-Design-Team2/src/sensor_drivers/ublox-ros2/ublox_msgs) by extensions ['colcon_meta']
[0.198s] Level 1:colcon.colcon_core.package_identification:_identify(/home/jun/capstone2_ws/src/Capstone-Design-Team2/src/sensor_drivers/ublox-ros2/ublox_msgs) by extension 'colcon_meta'
[0.198s] Level 1:colcon.colcon_core.package_identification:_identify(/home/jun/capstone2_ws/src/Capstone-Design-Team2/src/sensor_drivers/ublox-ros2/ublox_msgs) by extensions ['ros']
[0.198s] Level 1:colcon.colcon_core.package_identification:_identify(/home/jun/capstone2_ws/src/Capstone-Design-Team2/src/sensor_drivers/ublox-ros2/ublox_msgs) by extension 'ros'
[0.199s] DEBUG:colcon.colcon_core.package_identification:Package '/home/jun/capstone2_ws/src/Capstone-Design-Team2/src/sensor_drivers/ublox-ros2/ublox_msgs' with type 'ros.ament_cmake' and name 'ublox_msgs'
[0.199s] Level 1:colcon.colcon_core.package_identification:_identify(/home/jun/capstone2_ws/src/Capstone-Design-Team2/src/sensor_drivers/ublox-ros2/ublox_serialization) by extensions ['ignore', 'ignore_ament_install']
[0.199s] Level 1:colcon.colcon_core.package_identification:_identify(/home/jun/capstone2_ws/src/Capstone-Design-Team2/src/sensor_drivers/ublox-ros2/ublox_serialization) by extension 'ignore'
[0.199s] Level 1:colcon.colcon_core.package_identification:_identify(/home/jun/capstone2_ws/src/Capstone-Design-Team2/src/sensor_drivers/ublox-ros2/ublox_serialization) by extension 'ignore_ament_install'
[0.199s] Level 1:colcon.colcon_core.package_identification:_identify(/home/jun/capstone2_ws/src/Capstone-Design-Team2/src/sensor_drivers/ublox-ros2/ublox_serialization) by extensions ['colcon_pkg']
[0.199s] Level 1:colcon.colcon_core.package_identification:_identify(/home/jun/capstone2_ws/src/Capstone-Design-Team2/src/sensor_drivers/ublox-ros2/ublox_serialization) by extension 'colcon_pkg'
[0.199s] Level 1:colcon.colcon_core.package_identification:_identify(/home/jun/capstone2_ws/src/Capstone-Design-Team2/src/sensor_drivers/ublox-ros2/ublox_serialization) by extensions ['colcon_meta']
[0.199s] Level 1:colcon.colcon_core.package_identification:_identify(/home/jun/capstone2_ws/src/Capstone-Design-Team2/src/sensor_drivers/ublox-ros2/ublox_serialization) by extension 'colcon_meta'
[0.199s] Level 1:colcon.colcon_core.package_identification:_identify(/home/jun/capstone2_ws/src/Capstone-Design-Team2/src/sensor_drivers/ublox-ros2/ublox_serialization) by extensions ['ros']
[0.199s] Level 1:colcon.colcon_core.package_identification:_identify(/home/jun/capstone2_ws/src/Capstone-Design-Team2/src/sensor_drivers/ublox-ros2/ublox_serialization) by extension 'ros'
[0.199s] DEBUG:colcon.colcon_core.package_identification:Package '/home/jun/capstone2_ws/src/Capstone-Design-Team2/src/sensor_drivers/ublox-ros2/ublox_serialization' with type 'ros.ament_cmake' and name 'ublox_serialization'
[0.199s] Level 1:colcon.colcon_core.package_discovery:discover_packages(recursive) using defaults
