[0.063s] Invoking command in '/home/jun/ros2_ws/src/build/ublox_serialization': CMAKE_PREFIX_PATH=${CMAKE_PREFIX_PATH}:/home/jun/lane_tracking_ws/install/lane_tracking:/home/jun/nav2_ws/install/nav2_simple_commander:/opt/ros/humble /usr/bin/cmake /home/jun/ros2_ws/src/sensor_drivers/ublox-ros2/ublox_serialization -DAMENT_CMAKE_SYMLINK_INSTALL=1 -DCMAKE_INSTALL_PREFIX=/home/jun/ros2_ws/src/install/ublox_serialization
[0.642s] -- The C compiler identification is GNU 11.4.0
[0.643s] -- The CXX compiler identification is GNU 11.4.0
[0.643s] -- Detecting C compiler ABI info
[0.643s] -- Detecting C compiler ABI info - done
[0.643s] -- Check for working C compiler: /usr/bin/cc - skipped
[0.643s] -- Detecting C compile features
[0.643s] -- Detecting C compile features - done
[0.643s] -- Detecting CXX compiler ABI info
[0.643s] -- Detecting CXX compiler ABI info - done
[0.643s] -- Check for working CXX compiler: /usr/bin/c++ - skipped
[0.643s] -- Detecting CXX compile features
[0.643s] -- Detecting CXX compile features - done
[0.643s] -- Found ament_cmake: 1.3.11 (/opt/ros/humble/share/ament_cmake/cmake)
[0.643s] -- Found Python3: /usr/bin/python3 (found version "3.10.12") found components: Interpreter 
[0.644s] -- Override CMake install command with custom implementation using symlinks instead of copying resources
[0.763s] -- Configuring done
[0.766s] -- Generating done
[0.767s] -- Build files have been written to: /home/jun/ros2_ws/src/build/ublox_serialization
[0.877s] Invoked command in '/home/jun/ros2_ws/src/build/ublox_serialization' returned '0': CMAKE_PREFIX_PATH=${CMAKE_PREFIX_PATH}:/home/jun/lane_tracking_ws/install/lane_tracking:/home/jun/nav2_ws/install/nav2_simple_commander:/opt/ros/humble /usr/bin/cmake /home/jun/ros2_ws/src/sensor_drivers/ublox-ros2/ublox_serialization -DAMENT_CMAKE_SYMLINK_INSTALL=1 -DCMAKE_INSTALL_PREFIX=/home/jun/ros2_ws/src/install/ublox_serialization
[0.878s] Invoking command in '/home/jun/ros2_ws/src/build/ublox_serialization': CMAKE_PREFIX_PATH=${CMAKE_PREFIX_PATH}:/home/jun/lane_tracking_ws/install/lane_tracking:/home/jun/nav2_ws/install/nav2_simple_commander:/opt/ros/humble /usr/bin/cmake --build /home/jun/ros2_ws/src/build/ublox_serialization -- -j16 -l16
[0.946s] Invoked command in '/home/jun/ros2_ws/src/build/ublox_serialization' returned '0': CMAKE_PREFIX_PATH=${CMAKE_PREFIX_PATH}:/home/jun/lane_tracking_ws/install/lane_tracking:/home/jun/nav2_ws/install/nav2_simple_commander:/opt/ros/humble /usr/bin/cmake --build /home/jun/ros2_ws/src/build/ublox_serialization -- -j16 -l16
[0.963s] Invoking command in '/home/jun/ros2_ws/src/build/ublox_serialization': CMAKE_PREFIX_PATH=${CMAKE_PREFIX_PATH}:/home/jun/lane_tracking_ws/install/lane_tracking:/home/jun/nav2_ws/install/nav2_simple_commander:/opt/ros/humble /usr/bin/cmake --install /home/jun/ros2_ws/src/build/ublox_serialization
[0.978s] -- Install configuration: ""
[0.978s] -- Execute custom install script
[0.978s] -- Symlinking: /home/jun/ros2_ws/src/install/ublox_serialization/include/ublox_serialization/ublox_serialization/checksum.hpp
[0.995s] -- Symlinking: /home/jun/ros2_ws/src/install/ublox_serialization/include/ublox_serialization/ublox_serialization/serialization.hpp
[1.010s] -- Symlinking: /home/jun/ros2_ws/src/install/ublox_serialization/share/ament_index/resource_index/package_run_dependencies/ublox_serialization
[1.026s] -- Symlinking: /home/jun/ros2_ws/src/install/ublox_serialization/share/ament_index/resource_index/parent_prefix_path/ublox_serialization
[1.046s] -- Symlinking: /home/jun/ros2_ws/src/install/ublox_serialization/share/ublox_serialization/environment/ament_prefix_path.sh
[1.066s] -- Symlinking: /home/jun/ros2_ws/src/install/ublox_serialization/share/ublox_serialization/environment/ament_prefix_path.dsv
[1.085s] -- Symlinking: /home/jun/ros2_ws/src/install/ublox_serialization/share/ublox_serialization/environment/path.sh
[1.099s] -- Symlinking: /home/jun/ros2_ws/src/install/ublox_serialization/share/ublox_serialization/environment/path.dsv
[1.111s] -- Symlinking: /home/jun/ros2_ws/src/install/ublox_serialization/share/ublox_serialization/local_setup.bash
[1.126s] -- Symlinking: /home/jun/ros2_ws/src/install/ublox_serialization/share/ublox_serialization/local_setup.sh
[1.142s] -- Symlinking: /home/jun/ros2_ws/src/install/ublox_serialization/share/ublox_serialization/local_setup.zsh
[1.156s] -- Symlinking: /home/jun/ros2_ws/src/install/ublox_serialization/share/ublox_serialization/local_setup.dsv
[1.169s] -- Symlinking: /home/jun/ros2_ws/src/install/ublox_serialization/share/ublox_serialization/package.dsv
[1.182s] -- Symlinking: /home/jun/ros2_ws/src/install/ublox_serialization/share/ament_index/resource_index/packages/ublox_serialization
[1.193s] -- Symlinking: /home/jun/ros2_ws/src/install/ublox_serialization/share/ublox_serialization/cmake/ament_cmake_export_include_directories-extras.cmake
[1.206s] -- Symlinking: /home/jun/ros2_ws/src/install/ublox_serialization/share/ublox_serialization/cmake/ament_cmake_export_targets-extras.cmake
[1.218s] -- Symlinking: /home/jun/ros2_ws/src/install/ublox_serialization/share/ublox_serialization/cmake/ublox_serializationConfig.cmake
[1.234s] -- Symlinking: /home/jun/ros2_ws/src/install/ublox_serialization/share/ublox_serialization/cmake/ublox_serializationConfig-version.cmake
[1.246s] -- Symlinking: /home/jun/ros2_ws/src/install/ublox_serialization/share/ublox_serialization/package.xml
[1.259s] -- Installing: /home/jun/ros2_ws/src/install/ublox_serialization/share/ublox_serialization/cmake/export_ublox_serializationExport.cmake
[1.261s] Invoked command in '/home/jun/ros2_ws/src/build/ublox_serialization' returned '0': CMAKE_PREFIX_PATH=${CMAKE_PREFIX_PATH}:/home/jun/lane_tracking_ws/install/lane_tracking:/home/jun/nav2_ws/install/nav2_simple_commander:/opt/ros/humble /usr/bin/cmake --install /home/jun/ros2_ws/src/build/ublox_serialization
