[0.019s] Invoking command in '/home/jun/ros2_ws/src/build/ublox_msgs': AMENT_PREFIX_PATH=/home/jun/ros2_ws/src/install/ublox_serialization:${AMENT_PREFIX_PATH} CMAKE_PREFIX_PATH=/home/jun/ros2_ws/src/install/ublox_serialization:/home/jun/nav2_ws/install/sam_bot_description:/home/jun/nav2_ws/install/nav2_system_tests:/home/jun/nav2_ws/install/nav2_bringup:/home/jun/nav2_ws/install/navigation2:/home/jun/nav2_ws/install/nav2_smoother:/home/jun/nav2_ws/install/nav2_graceful_controller:/home/jun/nav2_ws/install/nav2_dwb_controller:/home/jun/nav2_ws/install/nav2_controller:/home/jun/nav2_ws/install/dwb_plugins:/home/jun/nav2_ws/install/dwb_critics:/home/jun/nav2_ws/install/dwb_core:/home/jun/nav2_ws/install/nav_2d_utils:/home/jun/nav2_ws/install/dwb_msgs:/home/jun/nav2_ws/install/nav_2d_msgs:/home/jun/nav2_ws/install/nav2_waypoint_follower:/home/jun/nav2_ws/install/nav2_theta_star_planner:/home/jun/nav2_ws/install/nav2_smac_planner:/home/jun/nav2_ws/install/nav2_rotation_shim_controller:/home/jun/nav2_ws/install/nav2_regulated_pure_pursuit_controller:/home/jun/nav2_ws/install/nav2_planner:/home/jun/nav2_ws/install/nav2_navfn_planner:/home/jun/nav2_ws/install/nav2_mppi_controller:/home/jun/nav2_ws/install/nav2_constrained_smoother:/home/jun/nav2_ws/install/nav2_bt_navigator:/home/jun/nav2_ws/install/nav2_behaviors:/home/jun/nav2_ws/install/nav2_core:/home/jun/nav2_ws/install/nav2_collision_monitor:/home/jun/nav2_ws/install/costmap_queue:/home/jun/nav2_ws/install/nav2_costmap_2d:/home/jun/nav2_ws/install/nav2_voxel_grid:/home/jun/nav2_ws/install/nav2_velocity_smoother:/home/jun/nav2_ws/install/nav2_rviz_plugins:/home/jun/nav2_ws/install/nav2_map_server:/home/jun/nav2_ws/install/nav2_lifecycle_manager:/home/jun/nav2_ws/install/nav2_behavior_tree:/home/jun/nav2_ws/install/nav2_amcl:/home/jun/nav2_ws/install/nav2_util:/home/jun/nav2_ws/install/nav2_msgs:/home/jun/nav2_ws/install/nav2_common:/home/jun/lane_tracking_ws/install/lane_tracking:/home/jun/nav2_ws/install/nav2_simple_commander:/opt/ros/humble /usr/bin/cmake /home/jun/ros2_ws/src/sensor_drivers/ublox-ros2/ublox_msgs -DAMENT_CMAKE_SYMLINK_INSTALL=1 -DCMAKE_INSTALL_PREFIX=/home/jun/ros2_ws/src/install/ublox_msgs
[0.240s] -- The C compiler identification is GNU 11.4.0
[0.241s] -- The CXX compiler identification is GNU 11.4.0
[0.241s] -- Detecting C compiler ABI info
[0.295s] -- Detecting C compiler ABI info - done
[0.302s] -- Check for working C compiler: /usr/bin/cc - skipped
[0.303s] -- Detecting C compile features
[0.303s] -- Detecting C compile features - done
[0.305s] -- Detecting CXX compiler ABI info
[0.413s] -- Detecting CXX compiler ABI info - done
[0.418s] -- Check for working CXX compiler: /usr/bin/c++ - skipped
[0.418s] -- Detecting CXX compile features
[0.419s] -- Detecting CXX compile features - done
[0.425s] -- Found ament_cmake_ros: 0.10.0 (/opt/ros/humble/share/ament_cmake_ros/cmake)
[0.595s] -- Found Python3: /usr/bin/python3 (found version "3.10.12") found components: Interpreter 
[0.663s] -- Override CMake install command with custom implementation using symlinks instead of copying resources
[0.741s] -- Found rosidl_default_generators: 1.2.0 (/opt/ros/humble/share/rosidl_default_generators/cmake)
[0.750s] -- Using all available rosidl_typesupport_c: rosidl_typesupport_fastrtps_c;rosidl_typesupport_introspection_c
[0.766s] -- Found rosidl_adapter: 3.1.6 (/opt/ros/humble/share/rosidl_adapter/cmake)
[0.838s] -- Using all available rosidl_typesupport_cpp: rosidl_typesupport_fastrtps_cpp;rosidl_typesupport_introspection_cpp
[0.888s] -- Found sensor_msgs: 4.2.4 (/opt/ros/humble/share/sensor_msgs/cmake)
[0.956s] -- Found ublox_serialization: 2.3.0 (/home/jun/ros2_ws/src/install/ublox_serialization/share/ublox_serialization/cmake)
[1.743s] -- Using all available rosidl_typesupport_c: rosidl_typesupport_fastrtps_c;rosidl_typesupport_introspection_c
[2.032s] -- Using all available rosidl_typesupport_cpp: rosidl_typesupport_fastrtps_cpp;rosidl_typesupport_introspection_cpp
[2.051s] -- Found PythonInterp: /usr/bin/python3 (found suitable version "3.10.12", minimum required is "3.6") 
[2.056s] -- Found python_cmake_module: 0.10.0 (/opt/ros/humble/share/python_cmake_module/cmake)
[2.080s] -- Found PythonLibs: /usr/lib/x86_64-linux-gnu/libpython3.10.so (found suitable version "3.10.12", minimum required is "3.5") 
[2.080s] -- Using PYTHON_EXECUTABLE: /usr/bin/python3
[2.080s] -- Using PYTHON_INCLUDE_DIRS: /usr/include/python3.10
[2.080s] -- Using PYTHON_LIBRARIES: /usr/lib/x86_64-linux-gnu/libpython3.10.so
[2.097s] -- Found PythonExtra: .so  
[2.183s] -- Configuring done
[2.289s] -- Generating done
[2.304s] -- Build files have been written to: /home/jun/ros2_ws/src/build/ublox_msgs
